;  LST file generated by mikroListExporter - v.2.0 
; Date/Time: 11/11/2022 10:32:14 PM
;----------------------------------------------

;Address Opcode 	ASM
0x0000	0x2C90      	GOTO       1168
_Mul_32x32_U:
;__Lib_Math.c,1775 :: 		
;__Lib_Math.c,1790 :: 		
0x0003	0x1283      	BCF        STATUS, 5
;__Lib_Math.c,1791 :: 		
0x0004	0x1303      	BCF        STATUS, 6
;__Lib_Math.c,1792 :: 		
0x0005	0x3022      	MOVLW      34
;__Lib_Math.c,1793 :: 		
0x0006	0x00FC      	MOVWF      R12
;__Lib_Math.c,1794 :: 		
0x0007	0x01F8      	CLRF       R8
;__Lib_Math.c,1795 :: 		
0x0008	0x01F9      	CLRF       R9
;__Lib_Math.c,1796 :: 		
0x0009	0x01FA      	CLRF       R10
;__Lib_Math.c,1797 :: 		
0x000A	0x01FB      	CLRF       R11
;__Lib_Math.c,1799 :: 		
_NEXT:
;__Lib_Math.c,1803 :: 		
0x000B	0x03FC      	DECF       R12, 1
;__Lib_Math.c,1804 :: 		
0x000C	0x1903      	BTFSC      STATUS, 2
;__Lib_Math.c,1805 :: 		
0x000D	0x2839      	GOTO       _EXIT2
;__Lib_Math.c,1806 :: 		
0x000E	0x1003      	BCF        STATUS, 0
;__Lib_Math.c,1808 :: 		
_LOOP:
;__Lib_Math.c,1817 :: 		
0x000F	0x0CFB      	RRF        R11, 1
;__Lib_Math.c,1818 :: 		
0x0010	0x0CFA      	RRF        R10, 1
;__Lib_Math.c,1819 :: 		
0x0011	0x0CF9      	RRF        R9, 1
;__Lib_Math.c,1820 :: 		
0x0012	0x0CF8      	RRF        R8, 1
;__Lib_Math.c,1821 :: 		
0x0013	0x0CF3      	RRF        R3, 1
;__Lib_Math.c,1822 :: 		
0x0014	0x0CF2      	RRF        R2, 1
;__Lib_Math.c,1823 :: 		
0x0015	0x0CF1      	RRF        R1, 1
;__Lib_Math.c,1824 :: 		
0x0016	0x0CF0      	RRF        R0, 1
;__Lib_Math.c,1829 :: 		
0x0017	0x1C03      	BTFSS      STATUS, 0
;__Lib_Math.c,1830 :: 		
0x0018	0x280B      	GOTO       _NEXT
;__Lib_Math.c,1831 :: 		
0x0019	0x03FC      	DECF       R12, 1
;__Lib_Math.c,1832 :: 		
0x001A	0x1903      	BTFSC      STATUS, 2
;__Lib_Math.c,1833 :: 		
0x001B	0x282B      	GOTO       _EXIT1
;__Lib_Math.c,1840 :: 		
0x001C	0x0874      	MOVF       R4, 0
;__Lib_Math.c,1841 :: 		
0x001D	0x07F8      	ADDWF      R8, 1
;__Lib_Math.c,1842 :: 		
0x001E	0x0875      	MOVF       R5, 0
;__Lib_Math.c,1843 :: 		
0x001F	0x1803      	BTFSC      STATUS, 0
;__Lib_Math.c,1844 :: 		
0x0020	0x0F75      	INCFSZ     R5, 0
;__Lib_Math.c,1845 :: 		
0x0021	0x07F9      	ADDWF      R9, 1
;__Lib_Math.c,1846 :: 		
0x0022	0x0876      	MOVF       R6, 0
;__Lib_Math.c,1847 :: 		
0x0023	0x1803      	BTFSC      STATUS, 0
;__Lib_Math.c,1848 :: 		
0x0024	0x0F76      	INCFSZ     R6, 0
;__Lib_Math.c,1849 :: 		
0x0025	0x07FA      	ADDWF      R10, 1
;__Lib_Math.c,1850 :: 		
0x0026	0x0877      	MOVF       R7, 0
;__Lib_Math.c,1851 :: 		
0x0027	0x1803      	BTFSC      STATUS, 0
;__Lib_Math.c,1852 :: 		
0x0028	0x0F77      	INCFSZ     R7, 0
;__Lib_Math.c,1853 :: 		
0x0029	0x07FB      	ADDWF      R11, 1
;__Lib_Math.c,1855 :: 		
0x002A	0x280F      	GOTO       _LOOP
;__Lib_Math.c,1857 :: 		
_EXIT1:
;__Lib_Math.c,1862 :: 		
0x002B	0x0874      	MOVF       R4, 0
;__Lib_Math.c,1863 :: 		
0x002C	0x07F8      	ADDWF      R8, 1
;__Lib_Math.c,1864 :: 		
0x002D	0x0875      	MOVF       R5, 0
;__Lib_Math.c,1865 :: 		
0x002E	0x1803      	BTFSC      STATUS, 0
;__Lib_Math.c,1866 :: 		
0x002F	0x0F75      	INCFSZ     R5, 0
;__Lib_Math.c,1867 :: 		
0x0030	0x07F9      	ADDWF      R9, 1
;__Lib_Math.c,1868 :: 		
0x0031	0x0876      	MOVF       R6, 0
;__Lib_Math.c,1869 :: 		
0x0032	0x1803      	BTFSC      STATUS, 0
;__Lib_Math.c,1870 :: 		
0x0033	0x0F76      	INCFSZ     R6, 0
;__Lib_Math.c,1871 :: 		
0x0034	0x07FA      	ADDWF      R10, 1
;__Lib_Math.c,1872 :: 		
0x0035	0x0877      	MOVF       R7, 0
;__Lib_Math.c,1873 :: 		
0x0036	0x1803      	BTFSC      STATUS, 0
;__Lib_Math.c,1874 :: 		
0x0037	0x0F77      	INCFSZ     R7, 0
;__Lib_Math.c,1875 :: 		
0x0038	0x07FB      	ADDWF      R11, 1
;__Lib_Math.c,1878 :: 		
_EXIT2:
;__Lib_Math.c,1880 :: 		
L_end_Mul_32x32_U:
0x0039	0x0008      	RETURN
; end of _Mul_32x32_U
_Delay_Cyc:
;__Lib_Delays.c,65 :: 		void Delay_Cyc(char cycles_div_by_10)  { // Cycles_div_by_10: min 3, max 255
;__Lib_Delays.c,67 :: 		--cycles_div_by_10;
0x003A	0x1283      	BCF        STATUS, 5
0x003B	0x1303      	BCF        STATUS, 6
0x003C	0x03CA      	DECF       FARG_Delay_Cyc_cycles_div_by_10, 1
;__Lib_Delays.c,68 :: 		--cycles_div_by_10;
0x003D	0x03CA      	DECF       FARG_Delay_Cyc_cycles_div_by_10, 1
;__Lib_Delays.c,69 :: 		while (cycles_div_by_10 > 0) {
L_Delay_Cyc13:
0x003E	0x084A      	MOVF       FARG_Delay_Cyc_cycles_div_by_10, 0
0x003F	0x3C00      	SUBLW      0
0x0040	0x1803      	BTFSC      STATUS, 0
0x0041	0x2847      	GOTO       L_Delay_Cyc14
;__Lib_Delays.c,70 :: 		--cycles_div_by_10;
0x0042	0x03CA      	DECF       FARG_Delay_Cyc_cycles_div_by_10, 1
;__Lib_Delays.c,71 :: 		asm nop;
0x0043	0x0000      	NOP
;__Lib_Delays.c,72 :: 		asm nop;
0x0044	0x0000      	NOP
;__Lib_Delays.c,73 :: 		asm nop;
0x0045	0x0000      	NOP
;__Lib_Delays.c,74 :: 		}
0x0046	0x283E      	GOTO       L_Delay_Cyc13
L_Delay_Cyc14:
;__Lib_Delays.c,75 :: 		asm nop;
0x0047	0x0000      	NOP
;__Lib_Delays.c,76 :: 		asm nop;
0x0048	0x0000      	NOP
;__Lib_Delays.c,77 :: 		asm nop;
0x0049	0x0000      	NOP
;__Lib_Delays.c,78 :: 		asm nop;
0x004A	0x0000      	NOP
;__Lib_Delays.c,79 :: 		asm nop;
0x004B	0x0000      	NOP
;__Lib_Delays.c,80 :: 		}
L_end_Delay_Cyc:
0x004C	0x0008      	RETURN
; end of _Delay_Cyc
_Get_Fosc_kHz:
;__Lib_Delays.c,1 :: 		unsigned long Get_Fosc_kHz(){
;__Lib_Delays.c,3 :: 		return Clock_kHz();
0x004D	0x3040      	MOVLW      64
0x004E	0x1283      	BCF        STATUS, 5
0x004F	0x1303      	BCF        STATUS, 6
0x0050	0x00F0      	MOVWF      R0
0x0051	0x301F      	MOVLW      31
0x0052	0x00F1      	MOVWF      R0+1
0x0053	0x01F2      	CLRF       R0+2
0x0054	0x01F3      	CLRF       R0+3
;__Lib_Delays.c,5 :: 		}
L_end_Get_Fosc_kHz:
0x0055	0x0008      	RETURN
; end of _Get_Fosc_kHz
_Div_32x32_U:
;__Lib_Math.c,1318 :: 		
;__Lib_Math.c,1327 :: 		
;__Lib_Math.c,1329 :: 		
0x0056	0x1283      	BCF        STATUS, 5
;__Lib_Math.c,1330 :: 		
0x0057	0x1303      	BCF        STATUS, 6
;__Lib_Math.c,1331 :: 		
0x0058	0x01FB      	CLRF       R11
;__Lib_Math.c,1332 :: 		
0x0059	0x01FA      	CLRF       R10
;__Lib_Math.c,1333 :: 		
0x005A	0x01F9      	CLRF       R9
;__Lib_Math.c,1334 :: 		
0x005B	0x01F8      	CLRF       R8
;__Lib_Math.c,1336 :: 		
0x005C	0x01A0      	CLRF       ___math_tempb
;__Lib_Math.c,1338 :: 		
0x005D	0x0D73      	RLF        R3, 0
;__Lib_Math.c,1339 :: 		
0x005E	0x0DF8      	RLF        R8, 1
;__Lib_Math.c,1340 :: 		
0x005F	0x0874      	MOVF       R4, 0
;__Lib_Math.c,1341 :: 		
0x0060	0x02F8      	SUBWF      R8, 1
;__Lib_Math.c,1342 :: 		
0x0061	0x0875      	MOVF       R5, 0
;__Lib_Math.c,1343 :: 		
0x0062	0x1C03      	BTFSS      STATUS, 0
;__Lib_Math.c,1344 :: 		
0x0063	0x0F75      	INCFSZ     R5, 0
;__Lib_Math.c,1345 :: 		
0x0064	0x02F9      	SUBWF      R9, 1
;__Lib_Math.c,1346 :: 		
0x0065	0x0876      	MOVF       R6, 0
;__Lib_Math.c,1347 :: 		
0x0066	0x1C03      	BTFSS      STATUS, 0
;__Lib_Math.c,1348 :: 		
0x0067	0x0F76      	INCFSZ     R6, 0
;__Lib_Math.c,1349 :: 		
0x0068	0x02FA      	SUBWF      R10, 1
;__Lib_Math.c,1350 :: 		
0x0069	0x0877      	MOVF       R7, 0
;__Lib_Math.c,1351 :: 		
0x006A	0x1C03      	BTFSS      STATUS, 0
;__Lib_Math.c,1352 :: 		
0x006B	0x0F77      	INCFSZ     R7, 0
;__Lib_Math.c,1353 :: 		
0x006C	0x02FB      	SUBWF      R11, 1
;__Lib_Math.c,1355 :: 		
0x006D	0x0100      	CLRW
;__Lib_Math.c,1356 :: 		
0x006E	0x1C03      	BTFSS      STATUS, 0
;__Lib_Math.c,1357 :: 		
0x006F	0x3001      	MOVLW      1
;__Lib_Math.c,1358 :: 		
0x0070	0x02A0      	SUBWF      ___math_tempb, 1
;__Lib_Math.c,1359 :: 		
0x0071	0x0DF3      	RLF        R3, 1
;__Lib_Math.c,1361 :: 		
0x0072	0x3007      	MOVLW      7
;__Lib_Math.c,1362 :: 		
0x0073	0x00FC      	MOVWF      R12
;__Lib_Math.c,1364 :: 		
LOOPU3232A:
;__Lib_Math.c,1365 :: 		
0x0074	0x0D73      	RLF        R3, 0
;__Lib_Math.c,1366 :: 		
0x0075	0x0DF8      	RLF        R8, 1
;__Lib_Math.c,1367 :: 		
0x0076	0x0DF9      	RLF        R9, 1
;__Lib_Math.c,1368 :: 		
0x0077	0x0DFA      	RLF        R10, 1
;__Lib_Math.c,1369 :: 		
0x0078	0x0DFB      	RLF        R11, 1
;__Lib_Math.c,1370 :: 		
0x0079	0x0DA0      	RLF        ___math_tempb, 1
;__Lib_Math.c,1371 :: 		
0x007A	0x0874      	MOVF       R4, 0
;__Lib_Math.c,1372 :: 		
0x007B	0x1C73      	BTFSS      R3, 0
;__Lib_Math.c,1373 :: 		
0x007C	0x288F      	GOTO       UADD22LA
;__Lib_Math.c,1375 :: 		
0x007D	0x02F8      	SUBWF      R8, 1
;__Lib_Math.c,1376 :: 		
0x007E	0x0875      	MOVF       R5, 0
;__Lib_Math.c,1377 :: 		
0x007F	0x1C03      	BTFSS      STATUS, 0
;__Lib_Math.c,1378 :: 		
0x0080	0x0F75      	INCFSZ     R5, 0
;__Lib_Math.c,1379 :: 		
0x0081	0x02F9      	SUBWF      R9, 1
;__Lib_Math.c,1380 :: 		
0x0082	0x0876      	MOVF       R6, 0
;__Lib_Math.c,1381 :: 		
0x0083	0x1C03      	BTFSS      STATUS, 0
;__Lib_Math.c,1382 :: 		
0x0084	0x0F76      	INCFSZ     R6, 0
;__Lib_Math.c,1383 :: 		
0x0085	0x02FA      	SUBWF      R10, 1
;__Lib_Math.c,1384 :: 		
0x0086	0x0877      	MOVF       R7, 0
;__Lib_Math.c,1385 :: 		
0x0087	0x1C03      	BTFSS      STATUS, 0
;__Lib_Math.c,1386 :: 		
0x0088	0x0F77      	INCFSZ     R7, 0
;__Lib_Math.c,1387 :: 		
0x0089	0x02FB      	SUBWF      R11, 1
;__Lib_Math.c,1388 :: 		
0x008A	0x0100      	CLRW
;__Lib_Math.c,1389 :: 		
0x008B	0x1C03      	BTFSS      STATUS, 0
;__Lib_Math.c,1390 :: 		
0x008C	0x3001      	MOVLW      1
;__Lib_Math.c,1391 :: 		
0x008D	0x02A0      	SUBWF      ___math_tempb, 1
;__Lib_Math.c,1392 :: 		
0x008E	0x28A0      	GOTO       UOK22LA
;__Lib_Math.c,1394 :: 		
UADD22LA:
;__Lib_Math.c,1395 :: 		
0x008F	0x07F8      	ADDWF      R8, 1
;__Lib_Math.c,1396 :: 		
0x0090	0x0875      	MOVF       R5, 0
;__Lib_Math.c,1397 :: 		
0x0091	0x1803      	BTFSC      STATUS, 0
;__Lib_Math.c,1398 :: 		
0x0092	0x0F75      	INCFSZ     R5, 0
;__Lib_Math.c,1399 :: 		
0x0093	0x07F9      	ADDWF      R9, 1
;__Lib_Math.c,1400 :: 		
0x0094	0x0876      	MOVF       R6, 0
;__Lib_Math.c,1401 :: 		
0x0095	0x1803      	BTFSC      STATUS, 0
;__Lib_Math.c,1402 :: 		
0x0096	0x0F76      	INCFSZ     R6, 0
;__Lib_Math.c,1403 :: 		
0x0097	0x07FA      	ADDWF      R10, 1
;__Lib_Math.c,1404 :: 		
0x0098	0x0877      	MOVF       R7, 0
;__Lib_Math.c,1405 :: 		
0x0099	0x1803      	BTFSC      STATUS, 0
;__Lib_Math.c,1406 :: 		
0x009A	0x0F77      	INCFSZ     R7, 0
;__Lib_Math.c,1407 :: 		
0x009B	0x07FB      	ADDWF      R11, 1
;__Lib_Math.c,1408 :: 		
0x009C	0x0100      	CLRW
;__Lib_Math.c,1409 :: 		
0x009D	0x1803      	BTFSC      STATUS, 0
;__Lib_Math.c,1410 :: 		
0x009E	0x3001      	MOVLW      1
;__Lib_Math.c,1411 :: 		
0x009F	0x07A0      	ADDWF      ___math_tempb, 1
;__Lib_Math.c,1413 :: 		
UOK22LA:
;__Lib_Math.c,1414 :: 		
0x00A0	0x0DF3      	RLF        R3, 1
;__Lib_Math.c,1416 :: 		
0x00A1	0x0BFC      	DECFSZ     R12, 1
;__Lib_Math.c,1417 :: 		
0x00A2	0x2874      	GOTO       LOOPU3232A
;__Lib_Math.c,1419 :: 		
0x00A3	0x0D72      	RLF        R2, 0
;__Lib_Math.c,1420 :: 		
0x00A4	0x0DF8      	RLF        R8, 1
;__Lib_Math.c,1421 :: 		
0x00A5	0x0DF9      	RLF        R9, 1
;__Lib_Math.c,1422 :: 		
0x00A6	0x0DFA      	RLF        R10, 1
;__Lib_Math.c,1423 :: 		
0x00A7	0x0DFB      	RLF        R11, 1
;__Lib_Math.c,1424 :: 		
0x00A8	0x0DA0      	RLF        ___math_tempb, 1
;__Lib_Math.c,1425 :: 		
0x00A9	0x0874      	MOVF       R4, 0
;__Lib_Math.c,1426 :: 		
0x00AA	0x1C73      	BTFSS      R3, 0
;__Lib_Math.c,1427 :: 		
0x00AB	0x28BE      	GOTO       UADD22L8
;__Lib_Math.c,1429 :: 		
0x00AC	0x02F8      	SUBWF      R8, 1
;__Lib_Math.c,1430 :: 		
0x00AD	0x0875      	MOVF       R5, 0
;__Lib_Math.c,1431 :: 		
0x00AE	0x1C03      	BTFSS      STATUS, 0
;__Lib_Math.c,1432 :: 		
0x00AF	0x0F75      	INCFSZ     R5, 0
;__Lib_Math.c,1433 :: 		
0x00B0	0x02F9      	SUBWF      R9, 1
;__Lib_Math.c,1434 :: 		
0x00B1	0x0876      	MOVF       R6, 0
;__Lib_Math.c,1435 :: 		
0x00B2	0x1C03      	BTFSS      STATUS, 0
;__Lib_Math.c,1436 :: 		
0x00B3	0x0F76      	INCFSZ     R6, 0
;__Lib_Math.c,1437 :: 		
0x00B4	0x02FA      	SUBWF      R10, 1
;__Lib_Math.c,1438 :: 		
0x00B5	0x0877      	MOVF       R7, 0
;__Lib_Math.c,1439 :: 		
0x00B6	0x1C03      	BTFSS      STATUS, 0
;__Lib_Math.c,1440 :: 		
0x00B7	0x0F77      	INCFSZ     R7, 0
;__Lib_Math.c,1441 :: 		
0x00B8	0x02FB      	SUBWF      R11, 1
;__Lib_Math.c,1442 :: 		
0x00B9	0x0100      	CLRW
;__Lib_Math.c,1443 :: 		
0x00BA	0x1C03      	BTFSS      STATUS, 0
;__Lib_Math.c,1444 :: 		
0x00BB	0x3001      	MOVLW      1
;__Lib_Math.c,1445 :: 		
0x00BC	0x02A0      	SUBWF      ___math_tempb, 1
;__Lib_Math.c,1446 :: 		
0x00BD	0x28CF      	GOTO       UOK22L8
;__Lib_Math.c,1448 :: 		
UADD22L8:
;__Lib_Math.c,1449 :: 		
0x00BE	0x07F8      	ADDWF      R8, 1
;__Lib_Math.c,1450 :: 		
0x00BF	0x0875      	MOVF       R5, 0
;__Lib_Math.c,1451 :: 		
0x00C0	0x1803      	BTFSC      STATUS, 0
;__Lib_Math.c,1452 :: 		
0x00C1	0x0F75      	INCFSZ     R5, 0
;__Lib_Math.c,1453 :: 		
0x00C2	0x07F9      	ADDWF      R9, 1
;__Lib_Math.c,1454 :: 		
0x00C3	0x0876      	MOVF       R6, 0
;__Lib_Math.c,1455 :: 		
0x00C4	0x1803      	BTFSC      STATUS, 0
;__Lib_Math.c,1456 :: 		
0x00C5	0x0F76      	INCFSZ     R6, 0
;__Lib_Math.c,1457 :: 		
0x00C6	0x07FA      	ADDWF      R10, 1
;__Lib_Math.c,1458 :: 		
0x00C7	0x0877      	MOVF       R7, 0
;__Lib_Math.c,1459 :: 		
0x00C8	0x1803      	BTFSC      STATUS, 0
;__Lib_Math.c,1460 :: 		
0x00C9	0x0F77      	INCFSZ     R7, 0
;__Lib_Math.c,1461 :: 		
0x00CA	0x07FB      	ADDWF      R11, 1
;__Lib_Math.c,1462 :: 		
0x00CB	0x0100      	CLRW
;__Lib_Math.c,1463 :: 		
0x00CC	0x1803      	BTFSC      STATUS, 0
;__Lib_Math.c,1464 :: 		
0x00CD	0x3001      	MOVLW      1
;__Lib_Math.c,1465 :: 		
0x00CE	0x07A0      	ADDWF      ___math_tempb, 1
;__Lib_Math.c,1467 :: 		
UOK22L8:
;__Lib_Math.c,1468 :: 		
0x00CF	0x0DF2      	RLF        R2, 1
;__Lib_Math.c,1470 :: 		
0x00D0	0x3007      	MOVLW      7
;__Lib_Math.c,1471 :: 		
0x00D1	0x00FC      	MOVWF      R12
;__Lib_Math.c,1473 :: 		
LOOPU3232B:
;__Lib_Math.c,1474 :: 		
0x00D2	0x0D72      	RLF        R2, 0
;__Lib_Math.c,1475 :: 		
0x00D3	0x0DF8      	RLF        R8, 1
;__Lib_Math.c,1476 :: 		
0x00D4	0x0DF9      	RLF        R9, 1
;__Lib_Math.c,1477 :: 		
0x00D5	0x0DFA      	RLF        R10, 1
;__Lib_Math.c,1478 :: 		
0x00D6	0x0DFB      	RLF        R11, 1
;__Lib_Math.c,1479 :: 		
0x00D7	0x0DA0      	RLF        ___math_tempb, 1
;__Lib_Math.c,1480 :: 		
0x00D8	0x0874      	MOVF       R4, 0
;__Lib_Math.c,1481 :: 		
0x00D9	0x1C72      	BTFSS      R2, 0
;__Lib_Math.c,1482 :: 		
0x00DA	0x28ED      	GOTO       UADD22LB
;__Lib_Math.c,1484 :: 		
0x00DB	0x02F8      	SUBWF      R8, 1
;__Lib_Math.c,1485 :: 		
0x00DC	0x0875      	MOVF       R5, 0
;__Lib_Math.c,1486 :: 		
0x00DD	0x1C03      	BTFSS      STATUS, 0
;__Lib_Math.c,1487 :: 		
0x00DE	0x0F75      	INCFSZ     R5, 0
;__Lib_Math.c,1488 :: 		
0x00DF	0x02F9      	SUBWF      R9, 1
;__Lib_Math.c,1489 :: 		
0x00E0	0x0876      	MOVF       R6, 0
;__Lib_Math.c,1490 :: 		
0x00E1	0x1C03      	BTFSS      STATUS, 0
;__Lib_Math.c,1491 :: 		
0x00E2	0x0F76      	INCFSZ     R6, 0
;__Lib_Math.c,1492 :: 		
0x00E3	0x02FA      	SUBWF      R10, 1
;__Lib_Math.c,1493 :: 		
0x00E4	0x0877      	MOVF       R7, 0
;__Lib_Math.c,1494 :: 		
0x00E5	0x1C03      	BTFSS      STATUS, 0
;__Lib_Math.c,1495 :: 		
0x00E6	0x0F77      	INCFSZ     R7, 0
;__Lib_Math.c,1496 :: 		
0x00E7	0x02FB      	SUBWF      R11, 1
;__Lib_Math.c,1497 :: 		
0x00E8	0x0100      	CLRW
;__Lib_Math.c,1498 :: 		
0x00E9	0x1C03      	BTFSS      STATUS, 0
;__Lib_Math.c,1499 :: 		
0x00EA	0x3001      	MOVLW      1
;__Lib_Math.c,1500 :: 		
0x00EB	0x02A0      	SUBWF      ___math_tempb, 1
;__Lib_Math.c,1501 :: 		
0x00EC	0x28FE      	GOTO       UOK22LB
;__Lib_Math.c,1503 :: 		
UADD22LB:
;__Lib_Math.c,1504 :: 		
0x00ED	0x07F8      	ADDWF      R8, 1
;__Lib_Math.c,1505 :: 		
0x00EE	0x0875      	MOVF       R5, 0
;__Lib_Math.c,1506 :: 		
0x00EF	0x1803      	BTFSC      STATUS, 0
;__Lib_Math.c,1507 :: 		
0x00F0	0x0F75      	INCFSZ     R5, 0
;__Lib_Math.c,1508 :: 		
0x00F1	0x07F9      	ADDWF      R9, 1
;__Lib_Math.c,1509 :: 		
0x00F2	0x0876      	MOVF       R6, 0
;__Lib_Math.c,1510 :: 		
0x00F3	0x1803      	BTFSC      STATUS, 0
;__Lib_Math.c,1511 :: 		
0x00F4	0x0F76      	INCFSZ     R6, 0
;__Lib_Math.c,1512 :: 		
0x00F5	0x07FA      	ADDWF      R10, 1
;__Lib_Math.c,1513 :: 		
0x00F6	0x0877      	MOVF       R7, 0
;__Lib_Math.c,1514 :: 		
0x00F7	0x1803      	BTFSC      STATUS, 0
;__Lib_Math.c,1515 :: 		
0x00F8	0x0F77      	INCFSZ     R7, 0
;__Lib_Math.c,1516 :: 		
0x00F9	0x07FB      	ADDWF      R11, 1
;__Lib_Math.c,1517 :: 		
0x00FA	0x0100      	CLRW
;__Lib_Math.c,1518 :: 		
0x00FB	0x1803      	BTFSC      STATUS, 0
;__Lib_Math.c,1519 :: 		
0x00FC	0x3001      	MOVLW      1
;__Lib_Math.c,1520 :: 		
0x00FD	0x07A0      	ADDWF      ___math_tempb, 1
;__Lib_Math.c,1522 :: 		
UOK22LB:
;__Lib_Math.c,1523 :: 		
0x00FE	0x0DF2      	RLF        R2, 1
;__Lib_Math.c,1525 :: 		
0x00FF	0x0BFC      	DECFSZ     R12, 1
;__Lib_Math.c,1526 :: 		
0x0100	0x28D2      	GOTO       LOOPU3232B
;__Lib_Math.c,1528 :: 		
0x0101	0x0D71      	RLF        R1, 0
;__Lib_Math.c,1529 :: 		
0x0102	0x0DF8      	RLF        R8, 1
;__Lib_Math.c,1530 :: 		
0x0103	0x0DF9      	RLF        R9, 1
;__Lib_Math.c,1531 :: 		
0x0104	0x0DFA      	RLF        R10, 1
;__Lib_Math.c,1532 :: 		
0x0105	0x0DFB      	RLF        R11, 1
;__Lib_Math.c,1533 :: 		
0x0106	0x0DA0      	RLF        ___math_tempb, 1
;__Lib_Math.c,1534 :: 		
0x0107	0x0874      	MOVF       R4, 0
;__Lib_Math.c,1535 :: 		
0x0108	0x1C72      	BTFSS      R2, 0
;__Lib_Math.c,1536 :: 		
0x0109	0x291C      	GOTO       UADD22L16
;__Lib_Math.c,1538 :: 		
0x010A	0x02F8      	SUBWF      R8, 1
;__Lib_Math.c,1539 :: 		
0x010B	0x0875      	MOVF       R5, 0
;__Lib_Math.c,1540 :: 		
0x010C	0x1C03      	BTFSS      STATUS, 0
;__Lib_Math.c,1541 :: 		
0x010D	0x0F75      	INCFSZ     R5, 0
;__Lib_Math.c,1542 :: 		
0x010E	0x02F9      	SUBWF      R9, 1
;__Lib_Math.c,1543 :: 		
0x010F	0x0876      	MOVF       R6, 0
;__Lib_Math.c,1544 :: 		
0x0110	0x1C03      	BTFSS      STATUS, 0
;__Lib_Math.c,1545 :: 		
0x0111	0x0F76      	INCFSZ     R6, 0
;__Lib_Math.c,1546 :: 		
0x0112	0x02FA      	SUBWF      R10, 1
;__Lib_Math.c,1547 :: 		
0x0113	0x0877      	MOVF       R7, 0
;__Lib_Math.c,1548 :: 		
0x0114	0x1C03      	BTFSS      STATUS, 0
;__Lib_Math.c,1549 :: 		
0x0115	0x0F77      	INCFSZ     R7, 0
;__Lib_Math.c,1550 :: 		
0x0116	0x02FB      	SUBWF      R11, 1
;__Lib_Math.c,1551 :: 		
0x0117	0x0100      	CLRW
;__Lib_Math.c,1552 :: 		
0x0118	0x1C03      	BTFSS      STATUS, 0
;__Lib_Math.c,1553 :: 		
0x0119	0x3001      	MOVLW      1
;__Lib_Math.c,1554 :: 		
0x011A	0x02A0      	SUBWF      ___math_tempb, 1
;__Lib_Math.c,1555 :: 		
0x011B	0x292D      	GOTO       UOK22L16
;__Lib_Math.c,1557 :: 		
UADD22L16:
;__Lib_Math.c,1558 :: 		
0x011C	0x07F8      	ADDWF      R8, 1
;__Lib_Math.c,1559 :: 		
0x011D	0x0875      	MOVF       R5, 0
;__Lib_Math.c,1560 :: 		
0x011E	0x1803      	BTFSC      STATUS, 0
;__Lib_Math.c,1561 :: 		
0x011F	0x0F75      	INCFSZ     R5, 0
;__Lib_Math.c,1562 :: 		
0x0120	0x07F9      	ADDWF      R9, 1
;__Lib_Math.c,1563 :: 		
0x0121	0x0876      	MOVF       R6, 0
;__Lib_Math.c,1564 :: 		
0x0122	0x1803      	BTFSC      STATUS, 0
;__Lib_Math.c,1565 :: 		
0x0123	0x0F76      	INCFSZ     R6, 0
;__Lib_Math.c,1566 :: 		
0x0124	0x07FA      	ADDWF      R10, 1
;__Lib_Math.c,1567 :: 		
0x0125	0x0877      	MOVF       R7, 0
;__Lib_Math.c,1568 :: 		
0x0126	0x1803      	BTFSC      STATUS, 0
;__Lib_Math.c,1569 :: 		
0x0127	0x0F77      	INCFSZ     R7, 0
;__Lib_Math.c,1570 :: 		
0x0128	0x07FB      	ADDWF      R11, 1
;__Lib_Math.c,1571 :: 		
0x0129	0x0100      	CLRW
;__Lib_Math.c,1572 :: 		
0x012A	0x1803      	BTFSC      STATUS, 0
;__Lib_Math.c,1573 :: 		
0x012B	0x3001      	MOVLW      1
;__Lib_Math.c,1574 :: 		
0x012C	0x07A0      	ADDWF      ___math_tempb, 1
;__Lib_Math.c,1576 :: 		
UOK22L16:
;__Lib_Math.c,1577 :: 		
0x012D	0x0DF1      	RLF        R1, 1
;__Lib_Math.c,1579 :: 		
0x012E	0x3007      	MOVLW      7
;__Lib_Math.c,1580 :: 		
0x012F	0x00FC      	MOVWF      R12
;__Lib_Math.c,1582 :: 		
LOOPU3232C:
;__Lib_Math.c,1583 :: 		
0x0130	0x0D71      	RLF        R1, 0
;__Lib_Math.c,1584 :: 		
0x0131	0x0DF8      	RLF        R8, 1
;__Lib_Math.c,1585 :: 		
0x0132	0x0DF9      	RLF        R9, 1
;__Lib_Math.c,1586 :: 		
0x0133	0x0DFA      	RLF        R10, 1
;__Lib_Math.c,1587 :: 		
0x0134	0x0DFB      	RLF        R11, 1
;__Lib_Math.c,1588 :: 		
0x0135	0x0DA0      	RLF        ___math_tempb, 1
;__Lib_Math.c,1589 :: 		
0x0136	0x0874      	MOVF       R4, 0
;__Lib_Math.c,1590 :: 		
0x0137	0x1C71      	BTFSS      R1, 0
;__Lib_Math.c,1591 :: 		
0x0138	0x294B      	GOTO       UADD22LC
;__Lib_Math.c,1593 :: 		
0x0139	0x02F8      	SUBWF      R8, 1
;__Lib_Math.c,1594 :: 		
0x013A	0x0875      	MOVF       R5, 0
;__Lib_Math.c,1595 :: 		
0x013B	0x1C03      	BTFSS      STATUS, 0
;__Lib_Math.c,1596 :: 		
0x013C	0x0F75      	INCFSZ     R5, 0
;__Lib_Math.c,1597 :: 		
0x013D	0x02F9      	SUBWF      R9, 1
;__Lib_Math.c,1598 :: 		
0x013E	0x0876      	MOVF       R6, 0
;__Lib_Math.c,1599 :: 		
0x013F	0x1C03      	BTFSS      STATUS, 0
;__Lib_Math.c,1600 :: 		
0x0140	0x0F76      	INCFSZ     R6, 0
;__Lib_Math.c,1601 :: 		
0x0141	0x02FA      	SUBWF      R10, 1
;__Lib_Math.c,1602 :: 		
0x0142	0x0877      	MOVF       R7, 0
;__Lib_Math.c,1603 :: 		
0x0143	0x1C03      	BTFSS      STATUS, 0
;__Lib_Math.c,1604 :: 		
0x0144	0x0F77      	INCFSZ     R7, 0
;__Lib_Math.c,1605 :: 		
0x0145	0x02FB      	SUBWF      R11, 1
;__Lib_Math.c,1606 :: 		
0x0146	0x0100      	CLRW
;__Lib_Math.c,1607 :: 		
0x0147	0x1C03      	BTFSS      STATUS, 0
;__Lib_Math.c,1608 :: 		
0x0148	0x3001      	MOVLW      1
;__Lib_Math.c,1609 :: 		
0x0149	0x02A0      	SUBWF      ___math_tempb, 1
;__Lib_Math.c,1610 :: 		
0x014A	0x295C      	GOTO       UOK22LC
;__Lib_Math.c,1612 :: 		
UADD22LC:
;__Lib_Math.c,1613 :: 		
0x014B	0x07F8      	ADDWF      R8, 1
;__Lib_Math.c,1614 :: 		
0x014C	0x0875      	MOVF       R5, 0
;__Lib_Math.c,1615 :: 		
0x014D	0x1803      	BTFSC      STATUS, 0
;__Lib_Math.c,1616 :: 		
0x014E	0x0F75      	INCFSZ     R5, 0
;__Lib_Math.c,1617 :: 		
0x014F	0x07F9      	ADDWF      R9, 1
;__Lib_Math.c,1618 :: 		
0x0150	0x0876      	MOVF       R6, 0
;__Lib_Math.c,1619 :: 		
0x0151	0x1803      	BTFSC      STATUS, 0
;__Lib_Math.c,1620 :: 		
0x0152	0x0F76      	INCFSZ     R6, 0
;__Lib_Math.c,1621 :: 		
0x0153	0x07FA      	ADDWF      R10, 1
;__Lib_Math.c,1622 :: 		
0x0154	0x0877      	MOVF       R7, 0
;__Lib_Math.c,1623 :: 		
0x0155	0x1803      	BTFSC      STATUS, 0
;__Lib_Math.c,1624 :: 		
0x0156	0x0F77      	INCFSZ     R7, 0
;__Lib_Math.c,1625 :: 		
0x0157	0x07FB      	ADDWF      R11, 1
;__Lib_Math.c,1626 :: 		
0x0158	0x0100      	CLRW
;__Lib_Math.c,1627 :: 		
0x0159	0x1803      	BTFSC      STATUS, 0
;__Lib_Math.c,1628 :: 		
0x015A	0x3001      	MOVLW      1
;__Lib_Math.c,1629 :: 		
0x015B	0x07A0      	ADDWF      ___math_tempb, 1
;__Lib_Math.c,1631 :: 		
UOK22LC:
;__Lib_Math.c,1632 :: 		
0x015C	0x0DF1      	RLF        R1, 1
;__Lib_Math.c,1634 :: 		
0x015D	0x0BFC      	DECFSZ     R12, 1
;__Lib_Math.c,1635 :: 		
0x015E	0x2930      	GOTO       LOOPU3232C
;__Lib_Math.c,1637 :: 		
0x015F	0x0D70      	RLF        R0, 0
;__Lib_Math.c,1638 :: 		
0x0160	0x0DF8      	RLF        R8, 1
;__Lib_Math.c,1639 :: 		
0x0161	0x0DF9      	RLF        R9, 1
;__Lib_Math.c,1640 :: 		
0x0162	0x0DFA      	RLF        R10, 1
;__Lib_Math.c,1641 :: 		
0x0163	0x0DFB      	RLF        R11, 1
;__Lib_Math.c,1642 :: 		
0x0164	0x0DA0      	RLF        ___math_tempb, 1
;__Lib_Math.c,1643 :: 		
0x0165	0x0874      	MOVF       R4, 0
;__Lib_Math.c,1644 :: 		
0x0166	0x1C71      	BTFSS      R1, 0
;__Lib_Math.c,1645 :: 		
0x0167	0x297A      	GOTO       UADD22L24
;__Lib_Math.c,1647 :: 		
0x0168	0x02F8      	SUBWF      R8, 1
;__Lib_Math.c,1648 :: 		
0x0169	0x0875      	MOVF       R5, 0
;__Lib_Math.c,1649 :: 		
0x016A	0x1C03      	BTFSS      STATUS, 0
;__Lib_Math.c,1650 :: 		
0x016B	0x0F75      	INCFSZ     R5, 0
;__Lib_Math.c,1651 :: 		
0x016C	0x02F9      	SUBWF      R9, 1
;__Lib_Math.c,1652 :: 		
0x016D	0x0876      	MOVF       R6, 0
;__Lib_Math.c,1653 :: 		
0x016E	0x1C03      	BTFSS      STATUS, 0
;__Lib_Math.c,1654 :: 		
0x016F	0x0F76      	INCFSZ     R6, 0
;__Lib_Math.c,1655 :: 		
0x0170	0x02FA      	SUBWF      R10, 1
;__Lib_Math.c,1656 :: 		
0x0171	0x0877      	MOVF       R7, 0
;__Lib_Math.c,1657 :: 		
0x0172	0x1C03      	BTFSS      STATUS, 0
;__Lib_Math.c,1658 :: 		
0x0173	0x0F77      	INCFSZ     R7, 0
;__Lib_Math.c,1659 :: 		
0x0174	0x02FB      	SUBWF      R11, 1
;__Lib_Math.c,1660 :: 		
0x0175	0x0100      	CLRW
;__Lib_Math.c,1661 :: 		
0x0176	0x1C03      	BTFSS      STATUS, 0
;__Lib_Math.c,1662 :: 		
0x0177	0x3001      	MOVLW      1
;__Lib_Math.c,1663 :: 		
0x0178	0x02A0      	SUBWF      ___math_tempb, 1
;__Lib_Math.c,1664 :: 		
0x0179	0x298B      	GOTO       UOK22L24
;__Lib_Math.c,1666 :: 		
UADD22L24:
;__Lib_Math.c,1667 :: 		
0x017A	0x07F8      	ADDWF      R8, 1
;__Lib_Math.c,1668 :: 		
0x017B	0x0875      	MOVF       R5, 0
;__Lib_Math.c,1669 :: 		
0x017C	0x1803      	BTFSC      STATUS, 0
;__Lib_Math.c,1670 :: 		
0x017D	0x0F75      	INCFSZ     R5, 0
;__Lib_Math.c,1671 :: 		
0x017E	0x07F9      	ADDWF      R9, 1
;__Lib_Math.c,1672 :: 		
0x017F	0x0876      	MOVF       R6, 0
;__Lib_Math.c,1673 :: 		
0x0180	0x1803      	BTFSC      STATUS, 0
;__Lib_Math.c,1674 :: 		
0x0181	0x0F76      	INCFSZ     R6, 0
;__Lib_Math.c,1675 :: 		
0x0182	0x07FA      	ADDWF      R10, 1
;__Lib_Math.c,1676 :: 		
0x0183	0x0877      	MOVF       R7, 0
;__Lib_Math.c,1677 :: 		
0x0184	0x1803      	BTFSC      STATUS, 0
;__Lib_Math.c,1678 :: 		
0x0185	0x0F77      	INCFSZ     R7, 0
;__Lib_Math.c,1679 :: 		
0x0186	0x07FB      	ADDWF      R11, 1
;__Lib_Math.c,1680 :: 		
0x0187	0x0100      	CLRW
;__Lib_Math.c,1681 :: 		
0x0188	0x1803      	BTFSC      STATUS, 0
;__Lib_Math.c,1682 :: 		
0x0189	0x3001      	MOVLW      1
;__Lib_Math.c,1683 :: 		
0x018A	0x07A0      	ADDWF      ___math_tempb, 1
;__Lib_Math.c,1685 :: 		
UOK22L24:
;__Lib_Math.c,1686 :: 		
0x018B	0x0DF0      	RLF        R0, 1
;__Lib_Math.c,1688 :: 		
0x018C	0x3007      	MOVLW      7
;__Lib_Math.c,1689 :: 		
0x018D	0x00FC      	MOVWF      R12
;__Lib_Math.c,1691 :: 		
LOOPU3232D:
;__Lib_Math.c,1692 :: 		
0x018E	0x0D70      	RLF        R0, 0
;__Lib_Math.c,1693 :: 		
0x018F	0x0DF8      	RLF        R8, 1
;__Lib_Math.c,1694 :: 		
0x0190	0x0DF9      	RLF        R9, 1
;__Lib_Math.c,1695 :: 		
0x0191	0x0DFA      	RLF        R10, 1
;__Lib_Math.c,1696 :: 		
0x0192	0x0DFB      	RLF        R11, 1
;__Lib_Math.c,1697 :: 		
0x0193	0x0DA0      	RLF        ___math_tempb, 1
;__Lib_Math.c,1698 :: 		
0x0194	0x0874      	MOVF       R4, 0
;__Lib_Math.c,1699 :: 		
0x0195	0x1C70      	BTFSS      R0, 0
;__Lib_Math.c,1700 :: 		
0x0196	0x29A9      	GOTO       UADD22LD
;__Lib_Math.c,1702 :: 		
0x0197	0x02F8      	SUBWF      R8, 1
;__Lib_Math.c,1703 :: 		
0x0198	0x0875      	MOVF       R5, 0
;__Lib_Math.c,1704 :: 		
0x0199	0x1C03      	BTFSS      STATUS, 0
;__Lib_Math.c,1705 :: 		
0x019A	0x0F75      	INCFSZ     R5, 0
;__Lib_Math.c,1706 :: 		
0x019B	0x02F9      	SUBWF      R9, 1
;__Lib_Math.c,1707 :: 		
0x019C	0x0876      	MOVF       R6, 0
;__Lib_Math.c,1708 :: 		
0x019D	0x1C03      	BTFSS      STATUS, 0
;__Lib_Math.c,1709 :: 		
0x019E	0x0F76      	INCFSZ     R6, 0
;__Lib_Math.c,1710 :: 		
0x019F	0x02FA      	SUBWF      R10, 1
;__Lib_Math.c,1711 :: 		
0x01A0	0x0877      	MOVF       R7, 0
;__Lib_Math.c,1712 :: 		
0x01A1	0x1C03      	BTFSS      STATUS, 0
;__Lib_Math.c,1713 :: 		
0x01A2	0x0F77      	INCFSZ     R7, 0
;__Lib_Math.c,1714 :: 		
0x01A3	0x02FB      	SUBWF      R11, 1
;__Lib_Math.c,1715 :: 		
0x01A4	0x0100      	CLRW
;__Lib_Math.c,1716 :: 		
0x01A5	0x1C03      	BTFSS      STATUS, 0
;__Lib_Math.c,1717 :: 		
0x01A6	0x3001      	MOVLW      1
;__Lib_Math.c,1718 :: 		
0x01A7	0x02A0      	SUBWF      ___math_tempb, 1
;__Lib_Math.c,1719 :: 		
0x01A8	0x29BA      	GOTO       UOK22LD
;__Lib_Math.c,1721 :: 		
UADD22LD:
;__Lib_Math.c,1722 :: 		
0x01A9	0x07F8      	ADDWF      R8, 1
;__Lib_Math.c,1723 :: 		
0x01AA	0x0875      	MOVF       R5, 0
;__Lib_Math.c,1724 :: 		
0x01AB	0x1803      	BTFSC      STATUS, 0
;__Lib_Math.c,1725 :: 		
0x01AC	0x0F75      	INCFSZ     R5, 0
;__Lib_Math.c,1726 :: 		
0x01AD	0x07F9      	ADDWF      R9, 1
;__Lib_Math.c,1727 :: 		
0x01AE	0x0876      	MOVF       R6, 0
;__Lib_Math.c,1728 :: 		
0x01AF	0x1803      	BTFSC      STATUS, 0
;__Lib_Math.c,1729 :: 		
0x01B0	0x0F76      	INCFSZ     R6, 0
;__Lib_Math.c,1730 :: 		
0x01B1	0x07FA      	ADDWF      R10, 1
;__Lib_Math.c,1731 :: 		
0x01B2	0x0877      	MOVF       R7, 0
;__Lib_Math.c,1732 :: 		
0x01B3	0x1803      	BTFSC      STATUS, 0
;__Lib_Math.c,1733 :: 		
0x01B4	0x0F77      	INCFSZ     R7, 0
;__Lib_Math.c,1734 :: 		
0x01B5	0x07FB      	ADDWF      R11, 1
;__Lib_Math.c,1735 :: 		
0x01B6	0x0100      	CLRW
;__Lib_Math.c,1736 :: 		
0x01B7	0x1803      	BTFSC      STATUS, 0
;__Lib_Math.c,1737 :: 		
0x01B8	0x3001      	MOVLW      1
;__Lib_Math.c,1738 :: 		
0x01B9	0x07A0      	ADDWF      ___math_tempb, 1
;__Lib_Math.c,1740 :: 		
UOK22LD:
;__Lib_Math.c,1741 :: 		
0x01BA	0x0DF0      	RLF        R0, 1
;__Lib_Math.c,1743 :: 		
0x01BB	0x0BFC      	DECFSZ     R12, 1
;__Lib_Math.c,1744 :: 		
0x01BC	0x298E      	GOTO       LOOPU3232D
;__Lib_Math.c,1746 :: 		
0x01BD	0x1870      	BTFSC      R0, 0
;__Lib_Math.c,1747 :: 		
0x01BE	0x29CD      	GOTO       UOK22L
;__Lib_Math.c,1748 :: 		
0x01BF	0x0874      	MOVF       R4, 0
;__Lib_Math.c,1749 :: 		
0x01C0	0x07F8      	ADDWF      R8, 1
;__Lib_Math.c,1750 :: 		
0x01C1	0x0875      	MOVF       R5, 0
;__Lib_Math.c,1751 :: 		
0x01C2	0x1803      	BTFSC      STATUS, 0
;__Lib_Math.c,1752 :: 		
0x01C3	0x0F75      	INCFSZ     R5, 0
;__Lib_Math.c,1753 :: 		
0x01C4	0x07F9      	ADDWF      R9, 1
;__Lib_Math.c,1754 :: 		
0x01C5	0x0876      	MOVF       R6, 0
;__Lib_Math.c,1755 :: 		
0x01C6	0x1803      	BTFSC      STATUS, 0
;__Lib_Math.c,1756 :: 		
0x01C7	0x0F76      	INCFSZ     R6, 0
;__Lib_Math.c,1757 :: 		
0x01C8	0x07FA      	ADDWF      R10, 1
;__Lib_Math.c,1758 :: 		
0x01C9	0x0877      	MOVF       R7, 0
;__Lib_Math.c,1759 :: 		
0x01CA	0x1803      	BTFSC      STATUS, 0
;__Lib_Math.c,1760 :: 		
0x01CB	0x0F77      	INCFSZ     R7, 0
;__Lib_Math.c,1761 :: 		
0x01CC	0x07FB      	ADDWF      R11, 1
;__Lib_Math.c,1763 :: 		
UOK22L:
;__Lib_Math.c,1766 :: 		
L_end_Div_32x32_U:
0x01CD	0x0008      	RETURN
; end of _Div_32x32_U
_Div_16X16_U:
;__Lib_Math.c,215 :: 		
;__Lib_Math.c,222 :: 		
0x01CE	0x1283      	BCF        STATUS, 5
;__Lib_Math.c,223 :: 		
0x01CF	0x1303      	BCF        STATUS, 6
;__Lib_Math.c,224 :: 		
0x01D0	0x01F8      	CLRF       R8
;__Lib_Math.c,225 :: 		
0x01D1	0x01F9      	CLRF       R9
;__Lib_Math.c,226 :: 		
0x01D2	0x3010      	MOVLW      16
;__Lib_Math.c,227 :: 		
0x01D3	0x00FC      	MOVWF      R12
;__Lib_Math.c,228 :: 		
0x01D4	0x0D71      	RLF        R1, 0
;__Lib_Math.c,229 :: 		
0x01D5	0x0DF8      	RLF        R8, 1
;__Lib_Math.c,230 :: 		
0x01D6	0x0DF9      	RLF        R9, 1
;__Lib_Math.c,231 :: 		
0x01D7	0x0874      	MOVF       R4, 0
;__Lib_Math.c,232 :: 		
0x01D8	0x02F8      	SUBWF      R8, 1
;__Lib_Math.c,233 :: 		
0x01D9	0x0875      	MOVF       R5, 0
;__Lib_Math.c,234 :: 		
0x01DA	0x1C03      	BTFSS      STATUS, 0
;__Lib_Math.c,235 :: 		
0x01DB	0x0F75      	INCFSZ     R5, 0
;__Lib_Math.c,236 :: 		
0x01DC	0x02F9      	SUBWF      R9, 1
;__Lib_Math.c,237 :: 		
0x01DD	0x1803      	BTFSC      STATUS, 0
;__Lib_Math.c,238 :: 		
0x01DE	0x29E6      	GOTO       $+8
;__Lib_Math.c,239 :: 		
0x01DF	0x0874      	MOVF       R4, 0
;__Lib_Math.c,240 :: 		
0x01E0	0x07F8      	ADDWF      R8, 1
;__Lib_Math.c,241 :: 		
0x01E1	0x0875      	MOVF       R5, 0
;__Lib_Math.c,242 :: 		
0x01E2	0x1803      	BTFSC      STATUS, 0
;__Lib_Math.c,243 :: 		
0x01E3	0x0F75      	INCFSZ     R5, 0
;__Lib_Math.c,244 :: 		
0x01E4	0x07F9      	ADDWF      R9, 1
;__Lib_Math.c,245 :: 		
0x01E5	0x1003      	BCF        STATUS, 0
;__Lib_Math.c,246 :: 		
0x01E6	0x0DF0      	RLF        R0, 1
;__Lib_Math.c,247 :: 		
0x01E7	0x0DF1      	RLF        R1, 1
;__Lib_Math.c,248 :: 		
0x01E8	0x0BFC      	DECFSZ     R12, 1
;__Lib_Math.c,249 :: 		
0x01E9	0x29D4      	GOTO       $-21
;__Lib_Math.c,251 :: 		
L_end_Div_16X16_U:
0x01EA	0x0008      	RETURN
; end of _Div_16X16_U
_____DoICP:
;__Lib_System.c,6 :: 		
;__Lib_System.c,9 :: 		
0x01EB	0x1283      	BCF        STATUS, 5
0x01EC	0x1303      	BCF        STATUS, 6
0x01ED	0x0824      	MOVF       ___DoICPAddr+1, 0
0x01EE	0x008A      	MOVWF      PCLATH
;__Lib_System.c,10 :: 		
0x01EF	0x0823      	MOVF       ___DoICPAddr, 0
0x01F0	0x0082      	MOVWF      PCL
;__Lib_System.c,12 :: 		
L_end_____DoICP:
0x01F1	0x0008      	RETURN
; end of _____DoICP
_Sound_Play:
;__Lib_Sound.c,27 :: 		
;__Lib_Sound.c,31 :: 		
0x01F2	0x204D      	CALL       _Get_Fosc_kHz
0x01F3	0x30E8      	MOVLW      232
0x01F4	0x00F4      	MOVWF      R4
0x01F5	0x3003      	MOVLW      3
0x01F6	0x00F5      	MOVWF      R4+1
0x01F7	0x01F6      	CLRF       R4+2
0x01F8	0x01F7      	CLRF       R4+3
0x01F9	0x2003      	CALL       _Mul_32x32_U
0x01FA	0x0870      	MOVF       R0, 0
0x01FB	0x00C6      	MOVWF      Sound_Play_per_nc_L0
0x01FC	0x0871      	MOVF       R0+1, 0
0x01FD	0x00C7      	MOVWF      Sound_Play_per_nc_L0+1
0x01FE	0x0872      	MOVF       R0+2, 0
0x01FF	0x00C8      	MOVWF      Sound_Play_per_nc_L0+2
0x0200	0x0873      	MOVF       R0+3, 0
0x0201	0x00C9      	MOVWF      Sound_Play_per_nc_L0+3
;__Lib_Sound.c,32 :: 		
0x0202	0x083E      	MOVF       FARG_Sound_Play_freq_in_hz, 0
0x0203	0x00F4      	MOVWF      R4
0x0204	0x083F      	MOVF       FARG_Sound_Play_freq_in_hz+1, 0
0x0205	0x00F5      	MOVWF      R4+1
0x0206	0x01F6      	CLRF       R4+2
0x0207	0x01F7      	CLRF       R4+3
0x0208	0x2056      	CALL       _Div_32x32_U
0x0209	0x0870      	MOVF       R0, 0
0x020A	0x00C6      	MOVWF      Sound_Play_per_nc_L0
0x020B	0x0871      	MOVF       R0+1, 0
0x020C	0x00C7      	MOVWF      Sound_Play_per_nc_L0+1
0x020D	0x0872      	MOVF       R0+2, 0
0x020E	0x00C8      	MOVWF      Sound_Play_per_nc_L0+2
0x020F	0x0873      	MOVF       R0+3, 0
0x0210	0x00C9      	MOVWF      Sound_Play_per_nc_L0+3
;__Lib_Sound.c,33 :: 		
0x0211	0x0870      	MOVF       R0, 0
0x0212	0x00F5      	MOVWF      R5
0x0213	0x0871      	MOVF       R0+1, 0
0x0214	0x00F6      	MOVWF      R5+1
0x0215	0x0872      	MOVF       R0+2, 0
0x0216	0x00F7      	MOVWF      R5+2
0x0217	0x0873      	MOVF       R0+3, 0
0x0218	0x00F8      	MOVWF      R5+3
0x0219	0x0CF8      	RRF        R5+3, 1
0x021A	0x0CF7      	RRF        R5+2, 1
0x021B	0x0CF6      	RRF        R5+1, 1
0x021C	0x0CF5      	RRF        R5, 1
0x021D	0x13F8      	BCF        R5+3, 7
0x021E	0x0CF8      	RRF        R5+3, 1
0x021F	0x0CF7      	RRF        R5+2, 1
0x0220	0x0CF6      	RRF        R5+1, 1
0x0221	0x0CF5      	RRF        R5, 1
0x0222	0x13F8      	BCF        R5+3, 7
0x0223	0x0875      	MOVF       R5, 0
0x0224	0x00F0      	MOVWF      R0
0x0225	0x0876      	MOVF       R5+1, 0
0x0226	0x00F1      	MOVWF      R0+1
0x0227	0x0877      	MOVF       R5+2, 0
0x0228	0x00F2      	MOVWF      R0+2
0x0229	0x0878      	MOVF       R5+3, 0
0x022A	0x00F3      	MOVWF      R0+3
0x022B	0x0CF3      	RRF        R0+3, 1
0x022C	0x0CF2      	RRF        R0+2, 1
0x022D	0x0CF1      	RRF        R0+1, 1
0x022E	0x0CF0      	RRF        R0, 1
0x022F	0x13F3      	BCF        R0+3, 7
0x0230	0x0870      	MOVF       R0, 0
0x0231	0x00C2      	MOVWF      Sound_Play_nc_L0
0x0232	0x0871      	MOVF       R0+1, 0
0x0233	0x00C3      	MOVWF      Sound_Play_nc_L0+1
;__Lib_Sound.c,36 :: 		
0x0234	0x204D      	CALL       _Get_Fosc_kHz
0x0235	0x0840      	MOVF       FARG_Sound_Play_duration_ms, 0
0x0236	0x00F4      	MOVWF      R4
0x0237	0x0841      	MOVF       FARG_Sound_Play_duration_ms+1, 0
0x0238	0x00F5      	MOVWF      R4+1
0x0239	0x01F6      	CLRF       R4+2
0x023A	0x01F7      	CLRF       R4+3
0x023B	0x2003      	CALL       _Mul_32x32_U
0x023C	0x0842      	MOVF       Sound_Play_nc_L0, 0
0x023D	0x00F9      	MOVWF      R9
0x023E	0x0843      	MOVF       Sound_Play_nc_L0+1, 0
0x023F	0x00FA      	MOVWF      R9+1
0x0240	0x01FB      	CLRF       R9+2
0x0241	0x01FC      	CLRF       R9+3
0x0242	0x3003      	MOVLW      3
0x0243	0x00F8      	MOVWF      R8
0x0244	0x0879      	MOVF       R9, 0
0x0245	0x00F4      	MOVWF      R4
0x0246	0x087A      	MOVF       R9+1, 0
0x0247	0x00F5      	MOVWF      R4+1
0x0248	0x087B      	MOVF       R9+2, 0
0x0249	0x00F6      	MOVWF      R4+2
0x024A	0x087C      	MOVF       R9+3, 0
0x024B	0x00F7      	MOVWF      R4+3
0x024C	0x0878      	MOVF       R8, 0
L__Sound_Play15:
0x024D	0x1903      	BTFSC      STATUS, 2
0x024E	0x2A56      	GOTO       L__Sound_Play16
0x024F	0x0DF4      	RLF        R4, 1
0x0250	0x0DF5      	RLF        R4+1, 1
0x0251	0x0DF6      	RLF        R4+2, 1
0x0252	0x0DF7      	RLF        R4+3, 1
0x0253	0x1074      	BCF        R4, 0
0x0254	0x3EFF      	ADDLW      255
0x0255	0x2A4D      	GOTO       L__Sound_Play15
L__Sound_Play16:
0x0256	0x2056      	CALL       _Div_32x32_U
0x0257	0x0870      	MOVF       R0, 0
0x0258	0x00C6      	MOVWF      Sound_Play_per_nc_L0
0x0259	0x0871      	MOVF       R0+1, 0
0x025A	0x00C7      	MOVWF      Sound_Play_per_nc_L0+1
0x025B	0x0872      	MOVF       R0+2, 0
0x025C	0x00C8      	MOVWF      Sound_Play_per_nc_L0+2
0x025D	0x0873      	MOVF       R0+3, 0
0x025E	0x00C9      	MOVWF      Sound_Play_per_nc_L0+3
;__Lib_Sound.c,38 :: 		
0x025F	0x300A      	MOVLW      10
0x0260	0x00F4      	MOVWF      R4
0x0261	0x3000      	MOVLW      0
0x0262	0x00F5      	MOVWF      R4+1
0x0263	0x0842      	MOVF       Sound_Play_nc_L0, 0
0x0264	0x00F0      	MOVWF      R0
0x0265	0x0843      	MOVF       Sound_Play_nc_L0+1, 0
0x0266	0x00F1      	MOVWF      R0+1
0x0267	0x21CE      	CALL       _Div_16X16_U
0x0268	0x0870      	MOVF       R0, 0
0x0269	0x00C2      	MOVWF      Sound_Play_nc_L0
0x026A	0x0871      	MOVF       R0+1, 0
0x026B	0x00C3      	MOVWF      Sound_Play_nc_L0+1
;__Lib_Sound.c,39 :: 		
0x026C	0x3000      	MOVLW      0
0x026D	0x0271      	SUBWF      R0+1, 0
0x026E	0x1D03      	BTFSS      STATUS, 2
0x026F	0x2A72      	GOTO       L__Sound_Play17
0x0270	0x3003      	MOVLW      3
0x0271	0x0270      	SUBWF      R0, 0
L__Sound_Play17:
0x0272	0x1803      	BTFSC      STATUS, 0
0x0273	0x2A75      	GOTO       L_Sound_Play0
0x0274	0x2AC2      	GOTO       L_end_Sound_Play
L_Sound_Play0:
;__Lib_Sound.c,40 :: 		
0x0275	0x0825      	MOVF       __Lib_Sound_soundPortAddr, 0
0x0276	0x0084      	MOVWF      FSR
;__Lib_Sound.c,41 :: 		
L_Sound_Play1:
0x0277	0x0849      	MOVF       Sound_Play_per_nc_L0+3, 0
0x0278	0x3C00      	SUBLW      0
0x0279	0x1D03      	BTFSS      STATUS, 2
0x027A	0x2A85      	GOTO       L__Sound_Play18
0x027B	0x0848      	MOVF       Sound_Play_per_nc_L0+2, 0
0x027C	0x3C00      	SUBLW      0
0x027D	0x1D03      	BTFSS      STATUS, 2
0x027E	0x2A85      	GOTO       L__Sound_Play18
0x027F	0x0847      	MOVF       Sound_Play_per_nc_L0+1, 0
0x0280	0x3C00      	SUBLW      0
0x0281	0x1D03      	BTFSS      STATUS, 2
0x0282	0x2A85      	GOTO       L__Sound_Play18
0x0283	0x0846      	MOVF       Sound_Play_per_nc_L0, 0
0x0284	0x3C00      	SUBLW      0
L__Sound_Play18:
0x0285	0x1803      	BTFSC      STATUS, 0
0x0286	0x2AC0      	GOTO       L_Sound_Play2
;__Lib_Sound.c,42 :: 		
0x0287	0x0826      	MOVF       __Lib_Sound_pinMask1, 0
0x0288	0x0480      	IORWF      INDF, 1
;__Lib_Sound.c,44 :: 		
0x0289	0x0843      	MOVF       Sound_Play_nc_L0+1, 0
0x028A	0x1903      	BTFSC      STATUS, 2
0x028B	0x2A9C      	GOTO       L_Sound_Play3
;__Lib_Sound.c,45 :: 		
0x028C	0x01C4      	CLRF       Sound_Play_i_L0
0x028D	0x01C5      	CLRF       Sound_Play_i_L0+1
L_Sound_Play4:
0x028E	0x3000      	MOVLW      0
0x028F	0x0245      	SUBWF      Sound_Play_i_L0+1, 0
0x0290	0x1D03      	BTFSS      STATUS, 2
0x0291	0x2A94      	GOTO       L__Sound_Play19
0x0292	0x0843      	MOVF       Sound_Play_nc_L0+1, 0
0x0293	0x0244      	SUBWF      Sound_Play_i_L0, 0
L__Sound_Play19:
0x0294	0x1803      	BTFSC      STATUS, 0
0x0295	0x2A9C      	GOTO       L_Sound_Play5
;__Lib_Sound.c,46 :: 		
0x0296	0x01CA      	CLRF       FARG_Delay_Cyc_cycles_div_by_10
0x0297	0x203A      	CALL       _Delay_Cyc
;__Lib_Sound.c,45 :: 		
0x0298	0x0AC4      	INCF       Sound_Play_i_L0, 1
0x0299	0x1903      	BTFSC      STATUS, 2
0x029A	0x0AC5      	INCF       Sound_Play_i_L0+1, 1
;__Lib_Sound.c,47 :: 		
0x029B	0x2A8E      	GOTO       L_Sound_Play4
L_Sound_Play5:
;__Lib_Sound.c,48 :: 		
L_Sound_Play3:
;__Lib_Sound.c,49 :: 		
0x029C	0x0842      	MOVF       Sound_Play_nc_L0, 0
0x029D	0x00CA      	MOVWF      FARG_Delay_Cyc_cycles_div_by_10
0x029E	0x203A      	CALL       _Delay_Cyc
;__Lib_Sound.c,51 :: 		
0x029F	0x0827      	MOVF       __Lib_Sound_pinMask0, 0
0x02A0	0x0580      	ANDWF      INDF, 1
;__Lib_Sound.c,53 :: 		
0x02A1	0x0843      	MOVF       Sound_Play_nc_L0+1, 0
0x02A2	0x1903      	BTFSC      STATUS, 2
0x02A3	0x2AB4      	GOTO       L_Sound_Play7
;__Lib_Sound.c,54 :: 		
0x02A4	0x01C4      	CLRF       Sound_Play_i_L0
0x02A5	0x01C5      	CLRF       Sound_Play_i_L0+1
L_Sound_Play8:
0x02A6	0x3000      	MOVLW      0
0x02A7	0x0245      	SUBWF      Sound_Play_i_L0+1, 0
0x02A8	0x1D03      	BTFSS      STATUS, 2
0x02A9	0x2AAC      	GOTO       L__Sound_Play20
0x02AA	0x0843      	MOVF       Sound_Play_nc_L0+1, 0
0x02AB	0x0244      	SUBWF      Sound_Play_i_L0, 0
L__Sound_Play20:
0x02AC	0x1803      	BTFSC      STATUS, 0
0x02AD	0x2AB4      	GOTO       L_Sound_Play9
;__Lib_Sound.c,55 :: 		
0x02AE	0x01CA      	CLRF       FARG_Delay_Cyc_cycles_div_by_10
0x02AF	0x203A      	CALL       _Delay_Cyc
;__Lib_Sound.c,54 :: 		
0x02B0	0x0AC4      	INCF       Sound_Play_i_L0, 1
0x02B1	0x1903      	BTFSC      STATUS, 2
0x02B2	0x0AC5      	INCF       Sound_Play_i_L0+1, 1
;__Lib_Sound.c,56 :: 		
0x02B3	0x2AA6      	GOTO       L_Sound_Play8
L_Sound_Play9:
;__Lib_Sound.c,57 :: 		
L_Sound_Play7:
;__Lib_Sound.c,58 :: 		
0x02B4	0x0842      	MOVF       Sound_Play_nc_L0, 0
0x02B5	0x00CA      	MOVWF      FARG_Delay_Cyc_cycles_div_by_10
0x02B6	0x203A      	CALL       _Delay_Cyc
;__Lib_Sound.c,60 :: 		
0x02B7	0x3001      	MOVLW      1
0x02B8	0x02C6      	SUBWF      Sound_Play_per_nc_L0, 1
0x02B9	0x1C03      	BTFSS      STATUS, 0
0x02BA	0x02C7      	SUBWF      Sound_Play_per_nc_L0+1, 1
0x02BB	0x1C03      	BTFSS      STATUS, 0
0x02BC	0x02C8      	SUBWF      Sound_Play_per_nc_L0+2, 1
0x02BD	0x1C03      	BTFSS      STATUS, 0
0x02BE	0x02C9      	SUBWF      Sound_Play_per_nc_L0+3, 1
;__Lib_Sound.c,62 :: 		
0x02BF	0x2A77      	GOTO       L_Sound_Play1
L_Sound_Play2:
;__Lib_Sound.c,63 :: 		
0x02C0	0x0827      	MOVF       __Lib_Sound_pinMask0, 0
0x02C1	0x0580      	ANDWF      INDF, 1
;__Lib_Sound.c,64 :: 		
L_end_Sound_Play:
0x02C2	0x0008      	RETURN
; end of _Sound_Play
_explote:
;Sonidos.c,91 :: 		void explote() {
;Sonidos.c,92 :: 		int i = 0;
0x02C3	0x1283      	BCF        STATUS, 5
0x02C4	0x1303      	BCF        STATUS, 6
0x02C5	0x01AA      	CLRF       explote_i_L0
0x02C6	0x01AB      	CLRF       explote_i_L0+1
0x02C7	0x3006      	MOVLW      6
0x02C8	0x00AC      	MOVWF      explote_tonada_L0
0x02C9	0x3001      	MOVLW      1
0x02CA	0x00AD      	MOVWF      explote_tonada_L0+1
0x02CB	0x3006      	MOVLW      6
0x02CC	0x00AE      	MOVWF      explote_tonada_L0+2
0x02CD	0x3001      	MOVLW      1
0x02CE	0x00AF      	MOVWF      explote_tonada_L0+3
0x02CF	0x3026      	MOVLW      38
0x02D0	0x00B0      	MOVWF      explote_tonada_L0+4
0x02D1	0x3001      	MOVLW      1
0x02D2	0x00B1      	MOVWF      explote_tonada_L0+5
0x02D3	0x3006      	MOVLW      6
0x02D4	0x00B2      	MOVWF      explote_tonada_L0+6
0x02D5	0x3001      	MOVLW      1
0x02D6	0x00B3      	MOVWF      explote_tonada_L0+7
;Sonidos.c,97 :: 		for (i=0; i< 4; i++){
0x02D7	0x01AA      	CLRF       explote_i_L0
0x02D8	0x01AB      	CLRF       explote_i_L0+1
L_explote23:
0x02D9	0x3080      	MOVLW      128
0x02DA	0x062B      	XORWF      explote_i_L0+1, 0
0x02DB	0x00F0      	MOVWF      R0
0x02DC	0x3080      	MOVLW      128
0x02DD	0x0270      	SUBWF      R0, 0
0x02DE	0x1D03      	BTFSS      STATUS, 2
0x02DF	0x2AE2      	GOTO       L__explote69
0x02E0	0x3004      	MOVLW      4
0x02E1	0x022A      	SUBWF      explote_i_L0, 0
L__explote69:
0x02E2	0x1803      	BTFSC      STATUS, 0
0x02E3	0x2B21      	GOTO       L_explote24
;Sonidos.c,98 :: 		int tiempo = 0;
0x02E4	0x01A8      	CLRF       explote_tiempo_L1
0x02E5	0x01A9      	CLRF       explote_tiempo_L1+1
;Sonidos.c,99 :: 		if (i == 0 || i == 9){
0x02E6	0x3000      	MOVLW      0
0x02E7	0x062B      	XORWF      explote_i_L0+1, 0
0x02E8	0x1D03      	BTFSS      STATUS, 2
0x02E9	0x2AEC      	GOTO       L__explote70
0x02EA	0x3000      	MOVLW      0
0x02EB	0x062A      	XORWF      explote_i_L0, 0
L__explote70:
0x02EC	0x1903      	BTFSC      STATUS, 2
0x02ED	0x2AF7      	GOTO       L__explote41
0x02EE	0x3000      	MOVLW      0
0x02EF	0x062B      	XORWF      explote_i_L0+1, 0
0x02F0	0x1D03      	BTFSS      STATUS, 2
0x02F1	0x2AF4      	GOTO       L__explote71
0x02F2	0x3009      	MOVLW      9
0x02F3	0x062A      	XORWF      explote_i_L0, 0
L__explote71:
0x02F4	0x1903      	BTFSC      STATUS, 2
0x02F5	0x2AF7      	GOTO       L__explote41
0x02F6	0x2AFC      	GOTO       L_explote28
L__explote41:
;Sonidos.c,100 :: 		tiempo = 10;
0x02F7	0x300A      	MOVLW      10
0x02F8	0x00A8      	MOVWF      explote_tiempo_L1
0x02F9	0x3000      	MOVLW      0
0x02FA	0x00A9      	MOVWF      explote_tiempo_L1+1
;Sonidos.c,101 :: 		}
0x02FB	0x2B00      	GOTO       L_explote29
L_explote28:
;Sonidos.c,103 :: 		tiempo = TIME;
0x02FC	0x30F4      	MOVLW      244
0x02FD	0x00A8      	MOVWF      explote_tiempo_L1
0x02FE	0x3001      	MOVLW      1
0x02FF	0x00A9      	MOVWF      explote_tiempo_L1+1
;Sonidos.c,104 :: 		}
L_explote29:
;Sonidos.c,105 :: 		Sound_play(tonada[i],tiempo);
0x0300	0x082A      	MOVF       explote_i_L0, 0
0x0301	0x00F0      	MOVWF      R0
0x0302	0x082B      	MOVF       explote_i_L0+1, 0
0x0303	0x00F1      	MOVWF      R0+1
0x0304	0x0DF0      	RLF        R0, 1
0x0305	0x0DF1      	RLF        R0+1, 1
0x0306	0x1070      	BCF        R0, 0
0x0307	0x0870      	MOVF       R0, 0
0x0308	0x3E2C      	ADDLW      explote_tonada_L0
0x0309	0x0084      	MOVWF      FSR
0x030A	0x0800      	MOVF       INDF, 0
0x030B	0x00BE      	MOVWF      FARG_Sound_Play_freq_in_hz
0x030C	0x0A84      	INCF       FSR, 1
0x030D	0x0800      	MOVF       INDF, 0
0x030E	0x00BF      	MOVWF      FARG_Sound_Play_freq_in_hz+1
0x030F	0x0828      	MOVF       explote_tiempo_L1, 0
0x0310	0x00C0      	MOVWF      FARG_Sound_Play_duration_ms
0x0311	0x0829      	MOVF       explote_tiempo_L1+1, 0
0x0312	0x00C1      	MOVWF      FARG_Sound_Play_duration_ms+1
0x0313	0x21F2      	CALL       _Sound_Play
;Sonidos.c,106 :: 		Delay_ms(10);
0x0314	0x301A      	MOVLW      26
0x0315	0x00FC      	MOVWF      R12
0x0316	0x30F8      	MOVLW      248
0x0317	0x00FD      	MOVWF      R13
L_explote30:
0x0318	0x0BFD      	DECFSZ     R13, 1
0x0319	0x2B18      	GOTO       L_explote30
0x031A	0x0BFC      	DECFSZ     R12, 1
0x031B	0x2B18      	GOTO       L_explote30
0x031C	0x0000      	NOP
;Sonidos.c,97 :: 		for (i=0; i< 4; i++){
0x031D	0x0AAA      	INCF       explote_i_L0, 1
0x031E	0x1903      	BTFSC      STATUS, 2
0x031F	0x0AAB      	INCF       explote_i_L0+1, 1
;Sonidos.c,107 :: 		}
0x0320	0x2AD9      	GOTO       L_explote23
L_explote24:
;Sonidos.c,108 :: 		}
L_end_explote:
0x0321	0x0008      	RETURN
; end of _explote
_gameover:
;Sonidos.c,53 :: 		void gameover() {
;Sonidos.c,54 :: 		int i = 0;
0x0322	0x1283      	BCF        STATUS, 5
0x0323	0x1303      	BCF        STATUS, 6
0x0324	0x01AA      	CLRF       gameover_i_L0
0x0325	0x01AB      	CLRF       gameover_i_L0+1
0x0326	0x3032      	MOVLW      50
0x0327	0x00AC      	MOVWF      gameover_tonada_L0
0x0328	0x3000      	MOVLW      0
0x0329	0x00AD      	MOVWF      gameover_tonada_L0+1
0x032A	0x3055      	MOVLW      85
0x032B	0x00AE      	MOVWF      gameover_tonada_L0+2
0x032C	0x3000      	MOVLW      0
0x032D	0x00AF      	MOVWF      gameover_tonada_L0+3
0x032E	0x3046      	MOVLW      70
0x032F	0x00B0      	MOVWF      gameover_tonada_L0+4
0x0330	0x3000      	MOVLW      0
0x0331	0x00B1      	MOVWF      gameover_tonada_L0+5
0x0332	0x307D      	MOVLW      125
0x0333	0x00B2      	MOVWF      gameover_tonada_L0+6
0x0334	0x3000      	MOVLW      0
0x0335	0x00B3      	MOVWF      gameover_tonada_L0+7
0x0336	0x3045      	MOVLW      69
0x0337	0x00B4      	MOVWF      gameover_tonada_L0+8
0x0338	0x3001      	MOVLW      1
0x0339	0x00B5      	MOVWF      gameover_tonada_L0+9
0x033A	0x30C3      	MOVLW      195
0x033B	0x00B6      	MOVWF      gameover_tonada_L0+10
0x033C	0x3000      	MOVLW      0
0x033D	0x00B7      	MOVWF      gameover_tonada_L0+11
0x033E	0x303F      	MOVLW      63
0x033F	0x00B8      	MOVWF      gameover_tonada_L0+12
0x0340	0x3000      	MOVLW      0
0x0341	0x00B9      	MOVWF      gameover_tonada_L0+13
0x0342	0x3054      	MOVLW      84
0x0343	0x00BA      	MOVWF      gameover_tonada_L0+14
0x0344	0x3000      	MOVLW      0
0x0345	0x00BB      	MOVWF      gameover_tonada_L0+15
;Sonidos.c,59 :: 		for (i=0; i< 9; i++){
0x0346	0x01AA      	CLRF       gameover_i_L0
0x0347	0x01AB      	CLRF       gameover_i_L0+1
L_gameover7:
0x0348	0x3080      	MOVLW      128
0x0349	0x062B      	XORWF      gameover_i_L0+1, 0
0x034A	0x00F0      	MOVWF      R0
0x034B	0x3080      	MOVLW      128
0x034C	0x0270      	SUBWF      R0, 0
0x034D	0x1D03      	BTFSS      STATUS, 2
0x034E	0x2B51      	GOTO       L__gameover61
0x034F	0x3009      	MOVLW      9
0x0350	0x022A      	SUBWF      gameover_i_L0, 0
L__gameover61:
0x0351	0x1803      	BTFSC      STATUS, 0
0x0352	0x2B91      	GOTO       L_gameover8
;Sonidos.c,60 :: 		int tiempo = 0;
0x0353	0x01A8      	CLRF       gameover_tiempo_L1
0x0354	0x01A9      	CLRF       gameover_tiempo_L1+1
;Sonidos.c,61 :: 		if (i == 0 || i == 9){
0x0355	0x3000      	MOVLW      0
0x0356	0x062B      	XORWF      gameover_i_L0+1, 0
0x0357	0x1D03      	BTFSS      STATUS, 2
0x0358	0x2B5B      	GOTO       L__gameover62
0x0359	0x3000      	MOVLW      0
0x035A	0x062A      	XORWF      gameover_i_L0, 0
L__gameover62:
0x035B	0x1903      	BTFSC      STATUS, 2
0x035C	0x2B66      	GOTO       L__gameover39
0x035D	0x3000      	MOVLW      0
0x035E	0x062B      	XORWF      gameover_i_L0+1, 0
0x035F	0x1D03      	BTFSS      STATUS, 2
0x0360	0x2B63      	GOTO       L__gameover63
0x0361	0x3009      	MOVLW      9
0x0362	0x062A      	XORWF      gameover_i_L0, 0
L__gameover63:
0x0363	0x1903      	BTFSC      STATUS, 2
0x0364	0x2B66      	GOTO       L__gameover39
0x0365	0x2B6B      	GOTO       L_gameover12
L__gameover39:
;Sonidos.c,62 :: 		tiempo = 20;
0x0366	0x3014      	MOVLW      20
0x0367	0x00A8      	MOVWF      gameover_tiempo_L1
0x0368	0x3000      	MOVLW      0
0x0369	0x00A9      	MOVWF      gameover_tiempo_L1+1
;Sonidos.c,63 :: 		}
0x036A	0x2B6F      	GOTO       L_gameover13
L_gameover12:
;Sonidos.c,65 :: 		tiempo = TIME;
0x036B	0x30F4      	MOVLW      244
0x036C	0x00A8      	MOVWF      gameover_tiempo_L1
0x036D	0x3001      	MOVLW      1
0x036E	0x00A9      	MOVWF      gameover_tiempo_L1+1
;Sonidos.c,66 :: 		}
L_gameover13:
;Sonidos.c,67 :: 		Sound_play(tonada[i],tiempo);
0x036F	0x082A      	MOVF       gameover_i_L0, 0
0x0370	0x00F0      	MOVWF      R0
0x0371	0x082B      	MOVF       gameover_i_L0+1, 0
0x0372	0x00F1      	MOVWF      R0+1
0x0373	0x0DF0      	RLF        R0, 1
0x0374	0x0DF1      	RLF        R0+1, 1
0x0375	0x1070      	BCF        R0, 0
0x0376	0x0870      	MOVF       R0, 0
0x0377	0x3E2C      	ADDLW      gameover_tonada_L0
0x0378	0x0084      	MOVWF      FSR
0x0379	0x0800      	MOVF       INDF, 0
0x037A	0x00BE      	MOVWF      FARG_Sound_Play_freq_in_hz
0x037B	0x0A84      	INCF       FSR, 1
0x037C	0x0800      	MOVF       INDF, 0
0x037D	0x00BF      	MOVWF      FARG_Sound_Play_freq_in_hz+1
0x037E	0x0828      	MOVF       gameover_tiempo_L1, 0
0x037F	0x00C0      	MOVWF      FARG_Sound_Play_duration_ms
0x0380	0x0829      	MOVF       gameover_tiempo_L1+1, 0
0x0381	0x00C1      	MOVWF      FARG_Sound_Play_duration_ms+1
0x0382	0x21F2      	CALL       _Sound_Play
;Sonidos.c,68 :: 		Delay_ms(50);
0x0383	0x3082      	MOVLW      130
0x0384	0x00FC      	MOVWF      R12
0x0385	0x30DD      	MOVLW      221
0x0386	0x00FD      	MOVWF      R13
L_gameover14:
0x0387	0x0BFD      	DECFSZ     R13, 1
0x0388	0x2B87      	GOTO       L_gameover14
0x0389	0x0BFC      	DECFSZ     R12, 1
0x038A	0x2B87      	GOTO       L_gameover14
0x038B	0x0000      	NOP
0x038C	0x0000      	NOP
;Sonidos.c,59 :: 		for (i=0; i< 9; i++){
0x038D	0x0AAA      	INCF       gameover_i_L0, 1
0x038E	0x1903      	BTFSC      STATUS, 2
0x038F	0x0AAB      	INCF       gameover_i_L0+1, 1
;Sonidos.c,69 :: 		}
0x0390	0x2B48      	GOTO       L_gameover7
L_gameover8:
;Sonidos.c,70 :: 		}
L_end_gameover:
0x0391	0x0008      	RETURN
; end of _gameover
_win:
;Sonidos.c,110 :: 		void win() {
;Sonidos.c,111 :: 		int i = 0;
0x0392	0x1283      	BCF        STATUS, 5
0x0393	0x1303      	BCF        STATUS, 6
0x0394	0x01AA      	CLRF       win_i_L0
0x0395	0x01AB      	CLRF       win_i_L0+1
0x0396	0x3019      	MOVLW      25
0x0397	0x00AC      	MOVWF      win_tonada_L0
0x0398	0x3000      	MOVLW      0
0x0399	0x00AD      	MOVWF      win_tonada_L0+1
0x039A	0x3006      	MOVLW      6
0x039B	0x00AE      	MOVWF      win_tonada_L0+2
0x039C	0x3000      	MOVLW      0
0x039D	0x00AF      	MOVWF      win_tonada_L0+3
0x039E	0x3063      	MOVLW      99
0x039F	0x00B0      	MOVWF      win_tonada_L0+4
0x03A0	0x3000      	MOVLW      0
0x03A1	0x00B1      	MOVWF      win_tonada_L0+5
0x03A2	0x3006      	MOVLW      6
0x03A3	0x00B2      	MOVWF      win_tonada_L0+6
0x03A4	0x3000      	MOVLW      0
0x03A5	0x00B3      	MOVWF      win_tonada_L0+7
0x03A6	0x3003      	MOVLW      3
0x03A7	0x00B4      	MOVWF      win_tonada_L0+8
0x03A8	0x3000      	MOVLW      0
0x03A9	0x00B5      	MOVWF      win_tonada_L0+9
0x03AA	0x303E      	MOVLW      62
0x03AB	0x00B6      	MOVWF      win_tonada_L0+10
0x03AC	0x3000      	MOVLW      0
0x03AD	0x00B7      	MOVWF      win_tonada_L0+11
0x03AE	0x3033      	MOVLW      51
0x03AF	0x00B8      	MOVWF      win_tonada_L0+12
0x03B0	0x3000      	MOVLW      0
0x03B1	0x00B9      	MOVWF      win_tonada_L0+13
0x03B2	0x3005      	MOVLW      5
0x03B3	0x00BA      	MOVWF      win_tonada_L0+14
0x03B4	0x3000      	MOVLW      0
0x03B5	0x00BB      	MOVWF      win_tonada_L0+15
0x03B6	0x3002      	MOVLW      2
0x03B7	0x00BC      	MOVWF      win_tonada_L0+16
0x03B8	0x3000      	MOVLW      0
0x03B9	0x00BD      	MOVWF      win_tonada_L0+17
;Sonidos.c,116 :: 		for (i=0; i< 11; i++){
0x03BA	0x01AA      	CLRF       win_i_L0
0x03BB	0x01AB      	CLRF       win_i_L0+1
L_win31:
0x03BC	0x3080      	MOVLW      128
0x03BD	0x062B      	XORWF      win_i_L0+1, 0
0x03BE	0x00F0      	MOVWF      R0
0x03BF	0x3080      	MOVLW      128
0x03C0	0x0270      	SUBWF      R0, 0
0x03C1	0x1D03      	BTFSS      STATUS, 2
0x03C2	0x2BC5      	GOTO       L__win73
0x03C3	0x300B      	MOVLW      11
0x03C4	0x022A      	SUBWF      win_i_L0, 0
L__win73:
0x03C5	0x1803      	BTFSC      STATUS, 0
0x03C6	0x2C08      	GOTO       L_win32
;Sonidos.c,117 :: 		int tiempo = 0;
0x03C7	0x01A8      	CLRF       win_tiempo_L1
0x03C8	0x01A9      	CLRF       win_tiempo_L1+1
;Sonidos.c,118 :: 		if (i == 0 || i == 9){
0x03C9	0x3000      	MOVLW      0
0x03CA	0x062B      	XORWF      win_i_L0+1, 0
0x03CB	0x1D03      	BTFSS      STATUS, 2
0x03CC	0x2BCF      	GOTO       L__win74
0x03CD	0x3000      	MOVLW      0
0x03CE	0x062A      	XORWF      win_i_L0, 0
L__win74:
0x03CF	0x1903      	BTFSC      STATUS, 2
0x03D0	0x2BDA      	GOTO       L__win42
0x03D1	0x3000      	MOVLW      0
0x03D2	0x062B      	XORWF      win_i_L0+1, 0
0x03D3	0x1D03      	BTFSS      STATUS, 2
0x03D4	0x2BD7      	GOTO       L__win75
0x03D5	0x3009      	MOVLW      9
0x03D6	0x062A      	XORWF      win_i_L0, 0
L__win75:
0x03D7	0x1903      	BTFSC      STATUS, 2
0x03D8	0x2BDA      	GOTO       L__win42
0x03D9	0x2BDF      	GOTO       L_win36
L__win42:
;Sonidos.c,119 :: 		tiempo = 20;
0x03DA	0x3014      	MOVLW      20
0x03DB	0x00A8      	MOVWF      win_tiempo_L1
0x03DC	0x3000      	MOVLW      0
0x03DD	0x00A9      	MOVWF      win_tiempo_L1+1
;Sonidos.c,120 :: 		}
0x03DE	0x2BE3      	GOTO       L_win37
L_win36:
;Sonidos.c,122 :: 		tiempo = TIME;
0x03DF	0x30F4      	MOVLW      244
0x03E0	0x00A8      	MOVWF      win_tiempo_L1
0x03E1	0x3001      	MOVLW      1
0x03E2	0x00A9      	MOVWF      win_tiempo_L1+1
;Sonidos.c,123 :: 		}
L_win37:
;Sonidos.c,124 :: 		Sound_play(tonada[i],tiempo);
0x03E3	0x082A      	MOVF       win_i_L0, 0
0x03E4	0x00F0      	MOVWF      R0
0x03E5	0x082B      	MOVF       win_i_L0+1, 0
0x03E6	0x00F1      	MOVWF      R0+1
0x03E7	0x0DF0      	RLF        R0, 1
0x03E8	0x0DF1      	RLF        R0+1, 1
0x03E9	0x1070      	BCF        R0, 0
0x03EA	0x0870      	MOVF       R0, 0
0x03EB	0x3E2C      	ADDLW      win_tonada_L0
0x03EC	0x0084      	MOVWF      FSR
0x03ED	0x0800      	MOVF       INDF, 0
0x03EE	0x00BE      	MOVWF      FARG_Sound_Play_freq_in_hz
0x03EF	0x0A84      	INCF       FSR, 1
0x03F0	0x0800      	MOVF       INDF, 0
0x03F1	0x00BF      	MOVWF      FARG_Sound_Play_freq_in_hz+1
0x03F2	0x0828      	MOVF       win_tiempo_L1, 0
0x03F3	0x00C0      	MOVWF      FARG_Sound_Play_duration_ms
0x03F4	0x0829      	MOVF       win_tiempo_L1+1, 0
0x03F5	0x00C1      	MOVWF      FARG_Sound_Play_duration_ms+1
0x03F6	0x21F2      	CALL       _Sound_Play
;Sonidos.c,125 :: 		Delay_ms(100);
0x03F7	0x3002      	MOVLW      2
0x03F8	0x00FB      	MOVWF      R11
0x03F9	0x3004      	MOVLW      4
0x03FA	0x00FC      	MOVWF      R12
0x03FB	0x30BA      	MOVLW      186
0x03FC	0x00FD      	MOVWF      R13
L_win38:
0x03FD	0x0BFD      	DECFSZ     R13, 1
0x03FE	0x2BFD      	GOTO       L_win38
0x03FF	0x0BFC      	DECFSZ     R12, 1
0x0400	0x2BFD      	GOTO       L_win38
0x0401	0x0BFB      	DECFSZ     R11, 1
0x0402	0x2BFD      	GOTO       L_win38
0x0403	0x0000      	NOP
;Sonidos.c,116 :: 		for (i=0; i< 11; i++){
0x0404	0x0AAA      	INCF       win_i_L0, 1
0x0405	0x1903      	BTFSC      STATUS, 2
0x0406	0x0AAB      	INCF       win_i_L0+1, 1
;Sonidos.c,126 :: 		}
0x0407	0x2BBC      	GOTO       L_win31
L_win32:
;Sonidos.c,127 :: 		}
L_end_win:
0x0408	0x0008      	RETURN
; end of _win
___CC2DW:
;__Lib_System.c,134 :: 		
;__Lib_System.c,137 :: 		
_CC2D_Loop1:
;__Lib_System.c,139 :: 		
0x0409	0x21EB      	CALL       _____DoICP
0x040A	0x118A      	BCF        PCLATH, 3
0x040B	0x120A      	BCF        PCLATH, 4
;__Lib_System.c,141 :: 		
0x040C	0x0080      	MOVWF      INDF
;__Lib_System.c,142 :: 		
0x040D	0x0A84      	INCF       FSR, 1
;__Lib_System.c,143 :: 		
0x040E	0x0AA3      	INCF       ___DoICPAddr, 1
;__Lib_System.c,145 :: 		
0x040F	0x1903      	BTFSC      STATUS, 2
;__Lib_System.c,146 :: 		
0x0410	0x0AA4      	INCF       ___DoICPAddr+1, 1
;__Lib_System.c,147 :: 		
0x0411	0x03F0      	DECF       R0, 1
;__Lib_System.c,149 :: 		
0x0412	0x1D03      	BTFSS      STATUS, 2
;__Lib_System.c,150 :: 		
0x0413	0x2C09      	GOTO       _CC2D_Loop1
;__Lib_System.c,152 :: 		
L_end___CC2DW:
0x0414	0x0008      	RETURN
; end of ___CC2DW
_Sound_Init:
;__Lib_Sound.c,11 :: 		
;__Lib_Sound.c,13 :: 		
0x0415	0x1283      	BCF        STATUS, 5
0x0416	0x1303      	BCF        STATUS, 6
0x0417	0x0828      	MOVF       FARG_Sound_Init_snd_port, 0
0x0418	0x00A5      	MOVWF      __Lib_Sound_soundPortAddr
;__Lib_Sound.c,15 :: 		
0x0419	0x0829      	MOVF       FARG_Sound_Init_snd_pin, 0
0x041A	0x00F1      	MOVWF      R1
0x041B	0x3001      	MOVLW      1
0x041C	0x00F0      	MOVWF      R0
0x041D	0x0871      	MOVF       R1, 0
L__Sound_Init12:
0x041E	0x1903      	BTFSC      STATUS, 2
0x041F	0x2C24      	GOTO       L__Sound_Init13
0x0420	0x0DF0      	RLF        R0, 1
0x0421	0x1070      	BCF        R0, 0
0x0422	0x3EFF      	ADDLW      255
0x0423	0x2C1E      	GOTO       L__Sound_Init12
L__Sound_Init13:
0x0424	0x0870      	MOVF       R0, 0
0x0425	0x00A6      	MOVWF      __Lib_Sound_pinMask1
;__Lib_Sound.c,16 :: 		
0x0426	0x09F0      	COMF       R0, 1
0x0427	0x0870      	MOVF       R0, 0
0x0428	0x00A7      	MOVWF      __Lib_Sound_pinMask0
;__Lib_Sound.c,20 :: 		
0x0429	0x3080      	MOVLW      128
0x042A	0x0728      	ADDWF      FARG_Sound_Init_snd_port, 0
0x042B	0x0084      	MOVWF      FSR
;__Lib_Sound.c,21 :: 		
0x042C	0x0870      	MOVF       R0, 0
0x042D	0x0580      	ANDWF      INDF, 1
;__Lib_Sound.c,22 :: 		
0x042E	0x1384      	BCF        FSR, 7
;__Lib_Sound.c,23 :: 		
0x042F	0x0870      	MOVF       R0, 0
0x0430	0x0580      	ANDWF      INDF, 1
;__Lib_Sound.c,24 :: 		
L_end_Sound_Init:
0x0431	0x0008      	RETURN
; end of _Sound_Init
_move:
;Sonidos.c,72 :: 		void move() {
;Sonidos.c,73 :: 		int i = 0;
0x0432	0x1283      	BCF        STATUS, 5
0x0433	0x1303      	BCF        STATUS, 6
0x0434	0x01AA      	CLRF       move_i_L0
0x0435	0x01AB      	CLRF       move_i_L0+1
0x0436	0x3032      	MOVLW      50
0x0437	0x00AC      	MOVWF      move_tonada_L0
0x0438	0x3000      	MOVLW      0
0x0439	0x00AD      	MOVWF      move_tonada_L0+1
0x043A	0x303C      	MOVLW      60
0x043B	0x00AE      	MOVWF      move_tonada_L0+2
0x043C	0x3000      	MOVLW      0
0x043D	0x00AF      	MOVWF      move_tonada_L0+3
0x043E	0x3004      	MOVLW      4
0x043F	0x00B0      	MOVWF      move_tonada_L0+4
0x0440	0x3000      	MOVLW      0
0x0441	0x00B1      	MOVWF      move_tonada_L0+5
0x0442	0x3002      	MOVLW      2
0x0443	0x00B2      	MOVWF      move_tonada_L0+6
0x0444	0x3000      	MOVLW      0
0x0445	0x00B3      	MOVWF      move_tonada_L0+7
;Sonidos.c,78 :: 		for (i=0; i< 4; i++){
0x0446	0x01AA      	CLRF       move_i_L0
0x0447	0x01AB      	CLRF       move_i_L0+1
L_move15:
0x0448	0x3080      	MOVLW      128
0x0449	0x062B      	XORWF      move_i_L0+1, 0
0x044A	0x00F0      	MOVWF      R0
0x044B	0x3080      	MOVLW      128
0x044C	0x0270      	SUBWF      R0, 0
0x044D	0x1D03      	BTFSS      STATUS, 2
0x044E	0x2C51      	GOTO       L__move65
0x044F	0x3004      	MOVLW      4
0x0450	0x022A      	SUBWF      move_i_L0, 0
L__move65:
0x0451	0x1803      	BTFSC      STATUS, 0
0x0452	0x2C8F      	GOTO       L_move16
;Sonidos.c,79 :: 		int tiempo = 0;
0x0453	0x01A8      	CLRF       move_tiempo_L1
0x0454	0x01A9      	CLRF       move_tiempo_L1+1
;Sonidos.c,80 :: 		if (i == 0 || i == 4){
0x0455	0x3000      	MOVLW      0
0x0456	0x062B      	XORWF      move_i_L0+1, 0
0x0457	0x1D03      	BTFSS      STATUS, 2
0x0458	0x2C5B      	GOTO       L__move66
0x0459	0x3000      	MOVLW      0
0x045A	0x062A      	XORWF      move_i_L0, 0
L__move66:
0x045B	0x1903      	BTFSC      STATUS, 2
0x045C	0x2C66      	GOTO       L__move40
0x045D	0x3000      	MOVLW      0
0x045E	0x062B      	XORWF      move_i_L0+1, 0
0x045F	0x1D03      	BTFSS      STATUS, 2
0x0460	0x2C63      	GOTO       L__move67
0x0461	0x3004      	MOVLW      4
0x0462	0x062A      	XORWF      move_i_L0, 0
L__move67:
0x0463	0x1903      	BTFSC      STATUS, 2
0x0464	0x2C66      	GOTO       L__move40
0x0465	0x2C6B      	GOTO       L_move20
L__move40:
;Sonidos.c,81 :: 		tiempo = 20;
0x0466	0x3014      	MOVLW      20
0x0467	0x00A8      	MOVWF      move_tiempo_L1
0x0468	0x3000      	MOVLW      0
0x0469	0x00A9      	MOVWF      move_tiempo_L1+1
;Sonidos.c,82 :: 		}
0x046A	0x2C6F      	GOTO       L_move21
L_move20:
;Sonidos.c,84 :: 		tiempo = TIME;
0x046B	0x30F4      	MOVLW      244
0x046C	0x00A8      	MOVWF      move_tiempo_L1
0x046D	0x3001      	MOVLW      1
0x046E	0x00A9      	MOVWF      move_tiempo_L1+1
;Sonidos.c,85 :: 		}
L_move21:
;Sonidos.c,86 :: 		Sound_play(tonada[i],tiempo);
0x046F	0x082A      	MOVF       move_i_L0, 0
0x0470	0x00F0      	MOVWF      R0
0x0471	0x082B      	MOVF       move_i_L0+1, 0
0x0472	0x00F1      	MOVWF      R0+1
0x0473	0x0DF0      	RLF        R0, 1
0x0474	0x0DF1      	RLF        R0+1, 1
0x0475	0x1070      	BCF        R0, 0
0x0476	0x0870      	MOVF       R0, 0
0x0477	0x3E2C      	ADDLW      move_tonada_L0
0x0478	0x0084      	MOVWF      FSR
0x0479	0x0800      	MOVF       INDF, 0
0x047A	0x00BE      	MOVWF      FARG_Sound_Play_freq_in_hz
0x047B	0x0A84      	INCF       FSR, 1
0x047C	0x0800      	MOVF       INDF, 0
0x047D	0x00BF      	MOVWF      FARG_Sound_Play_freq_in_hz+1
0x047E	0x0828      	MOVF       move_tiempo_L1, 0
0x047F	0x00C0      	MOVWF      FARG_Sound_Play_duration_ms
0x0480	0x0829      	MOVF       move_tiempo_L1+1, 0
0x0481	0x00C1      	MOVWF      FARG_Sound_Play_duration_ms+1
0x0482	0x21F2      	CALL       _Sound_Play
;Sonidos.c,87 :: 		Delay_ms(30);
0x0483	0x304E      	MOVLW      78
0x0484	0x00FC      	MOVWF      R12
0x0485	0x30EB      	MOVLW      235
0x0486	0x00FD      	MOVWF      R13
L_move22:
0x0487	0x0BFD      	DECFSZ     R13, 1
0x0488	0x2C87      	GOTO       L_move22
0x0489	0x0BFC      	DECFSZ     R12, 1
0x048A	0x2C87      	GOTO       L_move22
;Sonidos.c,78 :: 		for (i=0; i< 4; i++){
0x048B	0x0AAA      	INCF       move_i_L0, 1
0x048C	0x1903      	BTFSC      STATUS, 2
0x048D	0x0AAB      	INCF       move_i_L0+1, 1
;Sonidos.c,88 :: 		}
0x048E	0x2C48      	GOTO       L_move15
L_move16:
;Sonidos.c,89 :: 		}
L_end_move:
0x048F	0x0008      	RETURN
; end of _move
_main:
0x0490	0x1283      	BCF        STATUS, 5
0x0491	0x1303      	BCF        STATUS, 6
0x0492	0x01A1      	CLRF       _flag
0x0493	0x01A2      	CLRF       34
;Sonidos.c,22 :: 		void main() {
;Sonidos.c,23 :: 		ANSEL = 0;
0x0494	0x1683      	BSF        STATUS, 5
0x0495	0x1703      	BSF        STATUS, 6
0x0496	0x0188      	CLRF       ANSEL
;Sonidos.c,24 :: 		ANSELH = 0;
0x0497	0x0189      	CLRF       ANSELH
;Sonidos.c,25 :: 		C1ON_bit = 0;
0x0498	0x1283      	BCF        STATUS, 5
0x0499	0x1387      	BCF        C1ON_bit, BitPos(C1ON_bit+0)
;Sonidos.c,26 :: 		C2ON_bit = 0;
0x049A	0x1388      	BCF        C2ON_bit, BitPos(C2ON_bit+0)
;Sonidos.c,27 :: 		TRISC = 0x00;
0x049B	0x1683      	BSF        STATUS, 5
0x049C	0x1303      	BCF        STATUS, 6
0x049D	0x0187      	CLRF       TRISC
;Sonidos.c,28 :: 		TRISD = 0x00;
0x049E	0x0188      	CLRF       TRISD
;Sonidos.c,29 :: 		TRISB = 0x07;
0x049F	0x3007      	MOVLW      7
0x04A0	0x0086      	MOVWF      TRISB
;Sonidos.c,31 :: 		Sound_Init(&PORTE,0);
0x04A1	0x3009      	MOVLW      PORTE
0x04A2	0x1283      	BCF        STATUS, 5
0x04A3	0x00A8      	MOVWF      FARG_Sound_Init_snd_port
0x04A4	0x01A9      	CLRF       FARG_Sound_Init_snd_pin
0x04A5	0x2415      	CALL       _Sound_Init
;Sonidos.c,33 :: 		while(1)
L_main0:
;Sonidos.c,35 :: 		if(PORTB.F0 = 1){
0x04A6	0x1406      	BSF        PORTB, 0
0x04A7	0x1C06      	BTFSS      PORTB, 0
0x04A8	0x2CF1      	GOTO       L_main2
;Sonidos.c,36 :: 		flag = 1;
0x04A9	0x3001      	MOVLW      1
0x04AA	0x00A1      	MOVWF      _flag
0x04AB	0x3000      	MOVLW      0
0x04AC	0x00A2      	MOVWF      _flag+1
;Sonidos.c,37 :: 		if(!(PORTB.F1 = 1) & !(PORTB.F2 = 1)){
0x04AD	0x1486      	BSF        PORTB, 1
0x04AE	0x1886      	BTFSC      PORTB, 1
0x04AF	0x2CB2      	GOTO       L__main44
0x04B0	0x1470      	BSF        R0, 0
0x04B1	0x2CB3      	GOTO       L__main45
L__main44:
0x04B2	0x1070      	BCF        R0, 0
L__main45:
0x04B3	0x1506      	BSF        PORTB, 2
0x04B4	0x1906      	BTFSC      PORTB, 2
0x04B5	0x2CB8      	GOTO       L__main46
0x04B6	0x1403      	BSF        STATUS, 0
0x04B7	0x2CB9      	GOTO       L__main47
L__main46:
0x04B8	0x1003      	BCF        STATUS, 0
L__main47:
0x04B9	0x1C70      	BTFSS      R0, 0
0x04BA	0x2CBF      	GOTO       L__main48
0x04BB	0x1C03      	BTFSS      STATUS, 0
0x04BC	0x2CBF      	GOTO       L__main48
0x04BD	0x1470      	BSF        R0, 0
0x04BE	0x2CC0      	GOTO       L__main49
L__main48:
0x04BF	0x1070      	BCF        R0, 0
L__main49:
0x04C0	0x1C70      	BTFSS      R0, 0
0x04C1	0x2CC3      	GOTO       L_main3
;Sonidos.c,38 :: 		move();
0x04C2	0x2432      	CALL       _move
;Sonidos.c,39 :: 		}
L_main3:
;Sonidos.c,40 :: 		if(!(PORTB.F1 = 1) & (PORTB.F2 = 1)){
0x04C3	0x1486      	BSF        PORTB, 1
0x04C4	0x1886      	BTFSC      PORTB, 1
0x04C5	0x2CC8      	GOTO       L__main50
0x04C6	0x1470      	BSF        R0, 0
0x04C7	0x2CC9      	GOTO       L__main51
L__main50:
0x04C8	0x1070      	BCF        R0, 0
L__main51:
0x04C9	0x1506      	BSF        PORTB, 2
0x04CA	0x1C70      	BTFSS      R0, 0
0x04CB	0x2CD0      	GOTO       L__main52
0x04CC	0x1D06      	BTFSS      PORTB, 2
0x04CD	0x2CD0      	GOTO       L__main52
0x04CE	0x1403      	BSF        STATUS, 0
0x04CF	0x2CD1      	GOTO       L__main53
L__main52:
0x04D0	0x1003      	BCF        STATUS, 0
L__main53:
0x04D1	0x1C03      	BTFSS      STATUS, 0
0x04D2	0x2CD4      	GOTO       L_main4
;Sonidos.c,41 :: 		explote();
0x04D3	0x22C3      	CALL       _explote
;Sonidos.c,42 :: 		}
L_main4:
;Sonidos.c,43 :: 		if((PORTB.F1 = 1) & !(PORTB.F2 = 1)){
0x04D4	0x1486      	BSF        PORTB, 1
0x04D5	0x1506      	BSF        PORTB, 2
0x04D6	0x1906      	BTFSC      PORTB, 2
0x04D7	0x2CDA      	GOTO       L__main54
0x04D8	0x1403      	BSF        STATUS, 0
0x04D9	0x2CDB      	GOTO       L__main55
L__main54:
0x04DA	0x1003      	BCF        STATUS, 0
L__main55:
0x04DB	0x1C86      	BTFSS      PORTB, 1
0x04DC	0x2CE1      	GOTO       L__main56
0x04DD	0x1C03      	BTFSS      STATUS, 0
0x04DE	0x2CE1      	GOTO       L__main56
0x04DF	0x1470      	BSF        R0, 0
0x04E0	0x2CE2      	GOTO       L__main57
L__main56:
0x04E1	0x1070      	BCF        R0, 0
L__main57:
0x04E2	0x1C70      	BTFSS      R0, 0
0x04E3	0x2CE5      	GOTO       L_main5
;Sonidos.c,44 :: 		gameover();
0x04E4	0x2322      	CALL       _gameover
;Sonidos.c,45 :: 		}
L_main5:
;Sonidos.c,46 :: 		if((PORTB.F1 = 1) & (PORTB.F2 = 1)){
0x04E5	0x1486      	BSF        PORTB, 1
0x04E6	0x1506      	BSF        PORTB, 2
0x04E7	0x1C86      	BTFSS      PORTB, 1
0x04E8	0x2CED      	GOTO       L__main58
0x04E9	0x1D06      	BTFSS      PORTB, 2
0x04EA	0x2CED      	GOTO       L__main58
0x04EB	0x1403      	BSF        STATUS, 0
0x04EC	0x2CEE      	GOTO       L__main59
L__main58:
0x04ED	0x1003      	BCF        STATUS, 0
L__main59:
0x04EE	0x1C03      	BTFSS      STATUS, 0
0x04EF	0x2CF1      	GOTO       L_main6
;Sonidos.c,47 :: 		win();
0x04F0	0x2392      	CALL       _win
;Sonidos.c,48 :: 		}
L_main6:
;Sonidos.c,49 :: 		}
L_main2:
;Sonidos.c,50 :: 		}
0x04F1	0x2CA6      	GOTO       L_main0
;Sonidos.c,51 :: 		}
L_end_main:
0x04F2	0x2CF2      	GOTO       $+0
; end of _main
Symbol List:
//** Routines locations **
//ADDRESS    SIZE    PROCEDURE
//----------------------------------------------
0x0003      [55]    _Mul_32x32_U
0x003A      [19]    _Delay_Cyc
0x004D       [9]    _Get_Fosc_kHz
0x0056     [376]    _Div_32x32_U
0x01CE      [29]    _Div_16X16_U
0x01EB       [7]    _____DoICP
0x01F2     [209]    _Sound_Play
0x02C3      [95]    _explote
0x0322     [112]    _gameover
0x0392     [119]    _win
0x0409      [12]    ___CC2DW
0x0415      [29]    _Sound_Init
0x0432      [94]    _move
0x0490      [99]    _main
//** Variables locations ** 
//ADDRESS    SIZE    VARIABLE
//----------------------------------------------
0x0000       [1]    INDF
0x0002       [1]    PCL
0x0003       [1]    STATUS
0x0004       [1]    FSR
0x0006       [1]    PORTB
0x0009       [1]    PORTE
0x000A       [1]    PCLATH
0x0020       [1]    ___math_tempb
0x0021       [2]    _flag
0x0023       [2]    ___DoICPAddr
0x0025       [1]    __Lib_Sound_soundPortAddr
0x0026       [1]    __Lib_Sound_pinMask1
0x0027       [1]    __Lib_Sound_pinMask0
0x0028       [2]    move_tiempo_L1
0x0028       [2]    explote_tiempo_L1
0x0028       [2]    win_tiempo_L1
0x0028       [1]    FARG_Sound_Init_snd_port
0x0028       [2]    gameover_tiempo_L1
0x0029       [1]    FARG_Sound_Init_snd_pin
0x002A       [2]    win_i_L0
0x002A       [2]    gameover_i_L0
0x002A       [2]    explote_i_L0
0x002A       [2]    move_i_L0
0x002C       [8]    move_tonada_L0
0x002C      [16]    gameover_tonada_L0
0x002C       [8]    explote_tonada_L0
0x002C      [18]    win_tonada_L0
0x003E       [2]    FARG_Sound_Play_freq_in_hz
0x0040       [2]    FARG_Sound_Play_duration_ms
0x0042       [2]    Sound_Play_nc_L0
0x0044       [2]    Sound_Play_i_L0
0x0046       [4]    Sound_Play_per_nc_L0
0x004A       [1]    FARG_Delay_Cyc_cycles_div_by_10
0x0070       [1]    R0
0x0071       [1]    R1
0x0072       [1]    R2
0x0073       [1]    R3
0x0074       [1]    R4
0x0075       [1]    R5
0x0076       [1]    R6
0x0077       [1]    R7
0x0078       [1]    R8
0x0079       [1]    R9
0x007A       [1]    R10
0x007B       [1]    R11
0x007C       [1]    R12
0x007D       [1]    R13
0x007E       [1]    R14
0x007F       [1]    R15
0x0086       [1]    TRISB
0x0087       [1]    TRISC
0x0088       [1]    TRISD
0x0107       [0]    C1ON_bit
0x0108       [0]    C2ON_bit
0x0188       [1]    ANSEL
0x0189       [1]    ANSELH
